#
# There is insufficient memory for the Java Runtime Environment to continue.
# Native memory allocation (mmap) failed to map 71827456 bytes for committing reserved memory.
# Possible reasons:
#   The system is out of physical RAM or swap space
#   In 32 bit mode, the process size limit was hit
# Possible solutions:
#   Reduce memory load on the system
#   Increase physical memory or swap space
#   Check if swap backing store is full
#   Use 64 bit Java on a 64 bit OS
#   Decrease Java heap size (-Xmx/-Xms)
#   Decrease number of Java threads
#   Decrease Java thread stack sizes (-Xss)
#   Set larger code cache with -XX:ReservedCodeCacheSize=
# This output file may be truncated or incomplete.
#
#  Out of Memory Error (os_linux.cpp:2640), pid=3904, tid=0x00007f8952c2a700
#
# JRE version: Java(TM) SE Runtime Environment (8.0_161-b12) (build 1.8.0_161-b12)
# Java VM: Java HotSpot(TM) 64-Bit Server VM (25.161-b12 mixed mode linux-amd64 compressed oops)
# Failed to write core dump. Core dumps have been disabled. To enable core dumping, try "ulimit -c unlimited" before starting Java again
#

---------------  T H R E A D  ---------------

Current thread (0x00007f8964074800):  VMThread [stack: 0x00007f8952b2a000,0x00007f8952c2b000] [id=3923]

Stack: [0x00007f8952b2a000,0x00007f8952c2b000],  sp=0x00007f8952c29260,  free space=1020k
Native frames: (J=compiled Java code, j=interpreted, Vv=VM code, C=native code)
V  [libjvm.so+0xacf94a]  VMError::report_and_die()+0x2ba
V  [libjvm.so+0x50050b]  report_vm_out_of_memory(char const*, int, unsigned long, VMErrorType, char const*)+0x8b
V  [libjvm.so+0x92b133]  os::Linux::commit_memory_impl(char*, unsigned long, bool)+0x103
V  [libjvm.so+0x92b5c9]  os::pd_commit_memory(char*, unsigned long, unsigned long, bool)+0x29
V  [libjvm.so+0x924c0a]  os::commit_memory(char*, unsigned long, unsigned long, bool)+0x2a
V  [libjvm.so+0x99ab53]  PSVirtualSpace::expand_by(unsigned long)+0x53
V  [libjvm.so+0x98b410]  PSOldGen::expand(unsigned long)+0x170
V  [libjvm.so+0x98b61b]  PSOldGen::resize(unsigned long)+0x1cb
V  [libjvm.so+0x993321]  PSParallelCompact::invoke_no_policy(bool)+0x991
V  [libjvm.so+0x998c7d]  PSScavenge::invoke()+0x1ad
V  [libjvm.so+0x94f5a0]  ParallelScavengeHeap::failed_mem_allocate(unsigned long)+0x70
V  [libjvm.so+0xad13c7]  VM_ParallelGCFailedAllocation::doit()+0x97
V  [libjvm.so+0xad8ed5]  VM_Operation::evaluate()+0x55
V  [libjvm.so+0xad729a]  VMThread::evaluate_operation(VM_Operation*)+0xba
V  [libjvm.so+0xad761e]  VMThread::loop()+0x1ce
V  [libjvm.so+0xad7a90]  VMThread::run()+0x70
V  [libjvm.so+0x92da28]  java_start(Thread*)+0x108

VM_Operation (0x00007f896c9971b0): ParallelGCFailedAllocation, mode: safepoint, requested by thread 0x00007f896400a800


---------------  P R O C E S S  ---------------

Java Threads: ( => current thread )
  0x00007f89640bb000 JavaThread "Service Thread" daemon [_thread_blocked, id=3929, stack(0x00007f8951e42000,0x00007f8951f43000)]
  0x00007f89640b8000 JavaThread "C1 CompilerThread1" daemon [_thread_blocked, id=3928, stack(0x00007f8951f43000,0x00007f8952044000)]
  0x00007f89640b5000 JavaThread "C2 CompilerThread0" daemon [_thread_blocked, id=3927, stack(0x00007f8952044000,0x00007f8952145000)]
  0x00007f89640b3800 JavaThread "Signal Dispatcher" daemon [_thread_blocked, id=3926, stack(0x00007f8952145000,0x00007f8952246000)]
  0x00007f8964080800 JavaThread "Finalizer" daemon [_thread_blocked, id=3925, stack(0x00007f8952928000,0x00007f8952a29000)]
  0x00007f896407c000 JavaThread "Reference Handler" daemon [_thread_blocked, id=3924, stack(0x00007f8952a29000,0x00007f8952b2a000)]
  0x00007f896400a800 JavaThread "main" [_thread_blocked, id=3920, stack(0x00007f896c899000,0x00007f896c99a000)]

Other Threads:
=>0x00007f8964074800 VMThread [stack: 0x00007f8952b2a000,0x00007f8952c2b000] [id=3923]
  0x00007f89640bf800 WatcherThread [stack: 0x00007f8951d41000,0x00007f8951e42000] [id=3930]

VM state:at safepoint (normal execution)

VM Mutex/Monitor currently owned by a thread:  ([mutex/lock_event])
[0x00007f89640067e0] ExpandHeap_lock - owner thread: 0x00007f8964074800
[0x00007f8964006e60] Threads_lock - owner thread: 0x00007f8964074800
[0x00007f8964007360] Heap_lock - owner thread: 0x00007f896400a800

Heap:
 PSYoungGen      total 273920K, used 5799K [0x00000000eb780000, 0x0000000100000000, 0x0000000100000000)
  eden space 245248K, 0% used [0x00000000eb780000,0x00000000eb780000,0x00000000fa700000)
  from space 28672K, 20% used [0x00000000fe400000,0x00000000fe9a9e18,0x0000000100000000)
  to   space 45568K, 0% used [0x00000000fa700000,0x00000000fa700000,0x00000000fd380000)
 ParOldGen       total 82432K, used 82270K [0x00000000c2600000, 0x00000000c7680000, 0x00000000eb780000)
  object space 82432K, 99% used [0x00000000c2600000,0x00000000c7657af8,0x00000000c7680000)
 Metaspace       used 38059K, capacity 39324K, committed 39552K, reserved 1083392K
  class space    used 4222K, capacity 4632K, committed 4736K, reserved 1048576K

Card table byte_map: [0x00007f896944b000,0x00007f8969639000] byte_map_base: 0x00007f8968e38000

Marking Bits: (ParMarkBitMap*) 0x00007f896bd68920
 Begin Bits: [0x00007f8953130000, 0x00007f8954098000)
 End Bits:   [0x00007f8954098000, 0x00007f8955000000)

Polling page: 0x00007f896c9b8000

CodeCache: size=245760Kb used=27504Kb max_used=27504Kb free=218255Kb
 bounds [0x00007f8955000000, 0x00007f8956b10000, 0x00007f8964000000]
 total_blobs=7518 nmethods=6828 adapters=603
 compilation: enabled

Compilation events (10 events):
Event: 287.968 Thread 0x00007f89640b8000 8345       3       sun.nio.cs.ISO_8859_1$Encoder::encode (145 bytes)
Event: 287.969 Thread 0x00007f89640b8000 nmethod 8345 0x00007f8956aec290 code [0x00007f8956aec460, 0x00007f8956aeccc8]
Event: 287.969 Thread 0x00007f89640b8000 8344       3       sun.security.util.ManifestEntryVerifier$SunProviderHolder::access$000 (4 bytes)
Event: 287.969 Thread 0x00007f89640b8000 nmethod 8344 0x00007f8956768110 code [0x00007f8956768260, 0x00007f8956768390]
Event: 287.969 Thread 0x00007f89640b8000 8347       3       sun.security.jca.GetInstance::getService (66 bytes)
Event: 287.969 Thread 0x00007f89640b8000 nmethod 8347 0x00007f8956afad50 code [0x00007f8956afaf80, 0x00007f8956afbc18]
Event: 287.969 Thread 0x00007f89640b8000 8343       3       java.util.Base64::getMimeDecoder (4 bytes)
Event: 287.970 Thread 0x00007f89640b8000 nmethod 8343 0x00007f895679b910 code [0x00007f895679ba60, 0x00007f895679bb90]
Event: 287.990 Thread 0x00007f89640b8000 8348       3       java.security.MessageDigest::getInstance (77 bytes)
Event: 287.990 Thread 0x00007f89640b8000 nmethod 8348 0x00007f8956af9690 code [0x00007f8956af98c0, 0x00007f8956afa758]

GC Heap History (10 events):
Event: 273.691 GC heap after
Heap after GC invocations=18 (full 2):
 PSYoungGen      total 245248K, used 7472K [0x00000000eb780000, 0x00000000fbb00000, 0x0000000100000000)
  eden space 224768K, 0% used [0x00000000eb780000,0x00000000eb780000,0x00000000f9300000)
  from space 20480K, 36% used [0x00000000fa700000,0x00000000fae4c3b0,0x00000000fbb00000)
  to   space 20480K, 0% used [0x00000000f9300000,0x00000000f9300000,0x00000000fa700000)
 ParOldGen       total 77824K, used 29461K [0x00000000c2600000, 0x00000000c7200000, 0x00000000eb780000)
  object space 77824K, 37% used [0x00000000c2600000,0x00000000c42c55f8,0x00000000c7200000)
 Metaspace       used 37110K, capacity 38284K, committed 38656K, reserved 1083392K
  class space    used 4118K, capacity 4524K, committed 4608K, reserved 1048576K
}
Event: 280.102 GC heap before
{Heap before GC invocations=19 (full 2):
 PSYoungGen      total 245248K, used 232240K [0x00000000eb780000, 0x00000000fbb00000, 0x0000000100000000)
  eden space 224768K, 100% used [0x00000000eb780000,0x00000000f9300000,0x00000000f9300000)
  from space 20480K, 36% used [0x00000000fa700000,0x00000000fae4c3b0,0x00000000fbb00000)
  to   space 20480K, 0% used [0x00000000f9300000,0x00000000f9300000,0x00000000fa700000)
 ParOldGen       total 77824K, used 29461K [0x00000000c2600000, 0x00000000c7200000, 0x00000000eb780000)
  object space 77824K, 37% used [0x00000000c2600000,0x00000000c42c55f8,0x00000000c7200000)
 Metaspace       used 37150K, capacity 38354K, committed 38656K, reserved 1083392K
  class space    used 4119K, capacity 4525K, committed 4608K, reserved 1048576K
Event: 280.113 GC heap after
Heap after GC invocations=19 (full 2):
 PSYoungGen      total 245248K, used 7760K [0x00000000eb780000, 0x00000000fcb80000, 0x0000000100000000)
  eden space 224768K, 0% used [0x00000000eb780000,0x00000000eb780000,0x00000000f9300000)
  from space 20480K, 37% used [0x00000000f9300000,0x00000000f9a943d0,0x00000000fa700000)
  to   space 19968K, 0% used [0x00000000fb800000,0x00000000fb800000,0x00000000fcb80000)
 ParOldGen       total 77824K, used 29469K [0x00000000c2600000, 0x00000000c7200000, 0x00000000eb780000)
  object space 77824K, 37% used [0x00000000c2600000,0x00000000c42c75f8,0x00000000c7200000)
 Metaspace       used 37150K, capacity 38354K, committed 38656K, reserved 1083392K
  class space    used 4119K, capacity 4525K, committed 4608K, reserved 1048576K
}
Event: 281.050 GC heap before
{Heap before GC invocations=20 (full 2):
 PSYoungGen      total 245248K, used 232528K [0x00000000eb780000, 0x00000000fcb80000, 0x0000000100000000)
  eden space 224768K, 100% used [0x00000000eb780000,0x00000000f9300000,0x00000000f9300000)
  from space 20480K, 37% used [0x00000000f9300000,0x00000000f9a943d0,0x00000000fa700000)
  to   space 19968K, 0% used [0x00000000fb800000,0x00000000fb800000,0x00000000fcb80000)
 ParOldGen       total 77824K, used 29469K [0x00000000c2600000, 0x00000000c7200000, 0x00000000eb780000)
  object space 77824K, 37% used [0x00000000c2600000,0x00000000c42c75f8,0x00000000c7200000)
 Metaspace       used 37186K, capacity 38372K, committed 38656K, reserved 1083392K
  class space    used 4121K, capacity 4528K, committed 4608K, reserved 1048576K
Event: 281.184 GC heap after
Heap after GC invocations=20 (full 2):
 PSYoungGen      total 263680K, used 8826K [0x00000000eb780000, 0x00000000ff000000, 0x0000000100000000)
  eden space 243712K, 0% used [0x00000000eb780000,0x00000000eb780000,0x00000000fa580000)
  from space 19968K, 44% used [0x00000000fb800000,0x00000000fc09e9f0,0x00000000fcb80000)
  to   space 18944K, 0% used [0x00000000fa580000,0x00000000fa580000,0x00000000fb800000)
 ParOldGen       total 77824K, used 29477K [0x00000000c2600000, 0x00000000c7200000, 0x00000000eb780000)
  object space 77824K, 37% used [0x00000000c2600000,0x00000000c42c95f8,0x00000000c7200000)
 Metaspace       used 37186K, capacity 38372K, committed 38656K, reserved 1083392K
  class space    used 4121K, capacity 4528K, committed 4608K, reserved 1048576K
}
Event: 286.373 GC heap before
{Heap before GC invocations=21 (full 2):
 PSYoungGen      total 263680K, used 252538K [0x00000000eb780000, 0x00000000ff000000, 0x0000000100000000)
  eden space 243712K, 100% used [0x00000000eb780000,0x00000000fa580000,0x00000000fa580000)
  from space 19968K, 44% used [0x00000000fb800000,0x00000000fc09e9f0,0x00000000fcb80000)
  to   space 18944K, 0% used [0x00000000fa580000,0x00000000fa580000,0x00000000fb800000)
 ParOldGen       total 77824K, used 29477K [0x00000000c2600000, 0x00000000c7200000, 0x00000000eb780000)
  object space 77824K, 37% used [0x00000000c2600000,0x00000000c42c95f8,0x00000000c7200000)
 Metaspace       used 38053K, capacity 39324K, committed 39552K, reserved 1083392K
  class space    used 4222K, capacity 4632K, committed 4736K, reserved 1048576K
Event: 286.484 GC heap after
Heap after GC invocations=21 (full 2):
 PSYoungGen      total 262656K, used 18919K [0x00000000eb780000, 0x0000000100000000, 0x0000000100000000)
  eden space 243712K, 0% used [0x00000000eb780000,0x00000000eb780000,0x00000000fa580000)
  from space 18944K, 99% used [0x00000000fa580000,0x00000000fb7f9ca8,0x00000000fb800000)
  to   space 28672K, 0% used [0x00000000fe400000,0x00000000fe400000,0x0000000100000000)
 ParOldGen       total 77824K, used 49308K [0x00000000c2600000, 0x00000000c7200000, 0x00000000eb780000)
  object space 77824K, 63% used [0x00000000c2600000,0x00000000c56273c0,0x00000000c7200000)
 Metaspace       used 38053K, capacity 39324K, committed 39552K, reserved 1083392K
  class space    used 4222K, capacity 4632K, committed 4736K, reserved 1048576K
}
Event: 288.144 GC heap before
{Heap before GC invocations=22 (full 2):
 PSYoungGen      total 262656K, used 262631K [0x00000000eb780000, 0x0000000100000000, 0x0000000100000000)
  eden space 243712K, 100% used [0x00000000eb780000,0x00000000fa580000,0x00000000fa580000)
  from space 18944K, 99% used [0x00000000fa580000,0x00000000fb7f9ca8,0x00000000fb800000)
  to   space 28672K, 0% used [0x00000000fe400000,0x00000000fe400000,0x0000000100000000)
 ParOldGen       total 77824K, used 49308K [0x00000000c2600000, 0x00000000c7200000, 0x00000000eb780000)
  object space 77824K, 63% used [0x00000000c2600000,0x00000000c56273c0,0x00000000c7200000)
 Metaspace       used 38059K, capacity 39324K, committed 39552K, reserved 1083392K
  class space    used 4222K, capacity 4632K, committed 4736K, reserved 1048576K
Event: 288.237 GC heap after
Heap after GC invocations=22 (full 2):
 PSYoungGen      total 273920K, used 28661K [0x00000000eb780000, 0x0000000100000000, 0x0000000100000000)
  eden space 245248K, 0% used [0x00000000eb780000,0x00000000eb780000,0x00000000fa700000)
  from space 28672K, 99% used [0x00000000fe400000,0x00000000ffffd6d0,0x0000000100000000)
  to   space 45568K, 0% used [0x00000000fa700000,0x00000000fa700000,0x00000000fd380000)
 ParOldGen       total 82432K, used 82327K [0x00000000c2600000, 0x00000000c7680000, 0x00000000eb780000)
  object space 82432K, 99% used [0x00000000c2600000,0x00000000c7665ca8,0x00000000c7680000)
 Metaspace       used 38059K, capacity 39324K, committed 39552K, reserved 1083392K
  class space    used 4222K, capacity 4632K, committed 4736K, reserved 1048576K
}
Event: 288.237 GC heap before
{Heap before GC invocations=23 (full 3):
 PSYoungGen      total 273920K, used 28661K [0x00000000eb780000, 0x0000000100000000, 0x0000000100000000)
  eden space 245248K, 0% used [0x00000000eb780000,0x00000000eb780000,0x00000000fa700000)
  from space 28672K, 99% used [0x00000000fe400000,0x00000000ffffd6d0,0x0000000100000000)
  to   space 45568K, 0% used [0x00000000fa700000,0x00000000fa700000,0x00000000fd380000)
 ParOldGen       total 82432K, used 82327K [0x00000000c2600000, 0x00000000c7680000, 0x00000000eb780000)
  object space 82432K, 99% used [0x00000000c2600000,0x00000000c7665ca8,0x00000000c7680000)
 Metaspace       used 38059K, capacity 39324K, committed 39552K, reserved 1083392K
  class space    used 4222K, capacity 4632K, committed 4736K, reserved 1048576K

Deoptimization events (10 events):
Event: 287.677 Thread 0x00007f896400a800 Uncommon trap: reason=unstable_if action=reinterpret pc=0x00007f8956ad8420 method=com.google.common.collect.AbstractMapBasedMultimap.put(Ljava/lang/Object;Ljava/lang/Object;)Z @ 15
Event: 287.677 Thread 0x00007f896400a800 Uncommon trap: reason=unstable_if action=reinterpret pc=0x00007f89566c8fac method=java.util.zip.ZipOutputStream.putNextEntry(Ljava/util/zip/ZipEntry;)V @ 245
Event: 287.770 Thread 0x00007f896400a800 Uncommon trap: reason=unstable_if action=reinterpret pc=0x00007f895673aea8 method=org.codehaus.plexus.util.SelectorUtils.match([C[CZ)Z @ 111
Event: 287.924 Thread 0x00007f896400a800 Uncommon trap: reason=unstable_if action=reinterpret pc=0x00007f8956acfb98 method=org.codehaus.plexus.util.SelectorUtils.matchAntPathPattern([Ljava/lang/String;[Ljava/lang/String;Z)Z @ 20
Event: 287.924 Thread 0x00007f896400a800 Uncommon trap: reason=unstable_if action=reinterpret pc=0x00007f8956620ab0 method=org.apache.maven.plugins.shade.filter.SimpleFilter.matchPaths(Ljava/util/Set;Ljava/lang/String;)Z @ 33
Event: 287.924 Thread 0x00007f896400a800 Uncommon trap: reason=unstable_if action=reinterpret pc=0x00007f8956ac49b8 method=org.apache.maven.plugins.shade.filter.SimpleFilter.isFiltered(Ljava/lang/String;)Z @ 19
Event: 287.925 Thread 0x00007f896400a800 Uncommon trap: reason=class_check action=maybe_recompile pc=0x00007f8956ae6e2c method=org.codehaus.plexus.util.IOUtil.copy(Ljava/io/InputStream;Ljava/io/OutputStream;I)V @ 10
Event: 287.925 Thread 0x00007f896400a800 Uncommon trap: reason=class_check action=maybe_recompile pc=0x00007f8956ae6e2c method=org.codehaus.plexus.util.IOUtil.copy(Ljava/io/InputStream;Ljava/io/OutputStream;I)V @ 10
Event: 287.925 Thread 0x00007f896400a800 Uncommon trap: reason=class_check action=maybe_recompile pc=0x00007f8956ae6e2c method=org.codehaus.plexus.util.IOUtil.copy(Ljava/io/InputStream;Ljava/io/OutputStream;I)V @ 10
Event: 287.926 Thread 0x00007f896400a800 Uncommon trap: reason=class_check action=maybe_recompile pc=0x00007f8956ae6e2c method=org.codehaus.plexus.util.IOUtil.copy(Ljava/io/InputStream;Ljava/io/OutputStream;I)V @ 10

Classes redefined (0 events):
No events

Internal exceptions (10 events):
Event: 284.399 Thread 0x00007f8965b14800 Exception <a 'java/net/SocketTimeoutException': Read timed out> (0x00000000efb92f20) thrown at [/HUDSON/workspace/8-2-build-linux-amd64/jdk8u161/10277/hotspot/src/share/vm/prims/jni.cpp, line 735]
Event: 284.401 Thread 0x00007f89659c6000 Exception <a 'java/net/SocketTimeoutException': Read timed out> (0x00000000f0055e40) thrown at [/HUDSON/workspace/8-2-build-linux-amd64/jdk8u161/10277/hotspot/src/share/vm/prims/jni.cpp, line 735]
Event: 284.874 Thread 0x00007f896400a800 Exception <a 'java/lang/NoClassDefFoundError': org/sonatype/aether/metadata/Metadata> (0x00000000f08b6dd8) thrown at [/HUDSON/workspace/8-2-build-linux-amd64/jdk8u161/10277/hotspot/src/share/vm/classfile/systemDictionary.cpp, line 199]
Event: 284.875 Thread 0x00007f896400a800 Exception <a 'java/lang/NoClassDefFoundError': org/sonatype/aether/collection/DependencyCollectionException> (0x00000000f08e2d40) thrown at [/HUDSON/workspace/8-2-build-linux-amd64/jdk8u161/10277/hotspot/src/share/vm/classfile/systemDictionary.cpp, line 1
Event: 284.877 Thread 0x00007f896400a800 Exception <a 'java/lang/NoClassDefFoundError': org/sonatype/aether/resolution/ArtifactResolutionException> (0x00000000f090d3c8) thrown at [/HUDSON/workspace/8-2-build-linux-amd64/jdk8u161/10277/hotspot/src/share/vm/classfile/systemDictionary.cpp, line 199
Event: 284.877 Thread 0x00007f896400a800 Exception <a 'java/lang/NoClassDefFoundError': org/sonatype/aether/metadata/Metadata> (0x00000000f0918cc0) thrown at [/HUDSON/workspace/8-2-build-linux-amd64/jdk8u161/10277/hotspot/src/share/vm/classfile/systemDictionary.cpp, line 199]
Event: 284.877 Thread 0x00007f896400a800 Exception <a 'java/lang/NoClassDefFoundError': org/sonatype/aether/installation/InstallationException> (0x00000000f0928088) thrown at [/HUDSON/workspace/8-2-build-linux-amd64/jdk8u161/10277/hotspot/src/share/vm/classfile/systemDictionary.cpp, line 199]
Event: 284.879 Thread 0x00007f896400a800 Exception <a 'java/lang/NoClassDefFoundError': org/sonatype/aether/deployment/DeploymentException> (0x00000000f094fa90) thrown at [/HUDSON/workspace/8-2-build-linux-amd64/jdk8u161/10277/hotspot/src/share/vm/classfile/systemDictionary.cpp, line 199]
Event: 284.890 Thread 0x00007f896400a800 Exception <a 'java/lang/NoClassDefFoundError': org/sonatype/aether/version/VersionConstraint> (0x00000000f0a24560) thrown at [/HUDSON/workspace/8-2-build-linux-amd64/jdk8u161/10277/hotspot/src/share/vm/classfile/systemDictionary.cpp, line 199]
Event: 284.891 Thread 0x00007f896400a800 Exception <a 'java/lang/NoClassDefFoundError': org/sonatype/aether/resolution/ArtifactDescriptorException> (0x00000000f0a33a48) thrown at [/HUDSON/workspace/8-2-build-linux-amd64/jdk8u161/10277/hotspot/src/share/vm/classfile/systemDictionary.cpp, line 199

Events (10 events):
Event: 287.925 Thread 0x00007f896400a800 Uncommon trap: trap_request=0xffffffde fr.pc=0x00007f8956ae6e2c
Event: 287.925 Thread 0x00007f896400a800 DEOPT PACKING pc=0x00007f8956ae6e2c sp=0x00007f896c997300
Event: 287.925 Thread 0x00007f896400a800 DEOPT UNPACKING pc=0x00007f895504573a sp=0x00007f896c9971c8 mode 2
Event: 287.925 Thread 0x00007f896400a800 Uncommon trap: trap_request=0xffffffde fr.pc=0x00007f8956ae6e2c
Event: 287.925 Thread 0x00007f896400a800 DEOPT PACKING pc=0x00007f8956ae6e2c sp=0x00007f896c997300
Event: 287.925 Thread 0x00007f896400a800 DEOPT UNPACKING pc=0x00007f895504573a sp=0x00007f896c9971c8 mode 2
Event: 287.926 Thread 0x00007f896400a800 Uncommon trap: trap_request=0xffffffde fr.pc=0x00007f8956ae6e2c
Event: 287.926 Thread 0x00007f896400a800 DEOPT PACKING pc=0x00007f8956ae6e2c sp=0x00007f896c997300
Event: 287.926 Thread 0x00007f896400a800 DEOPT UNPACKING pc=0x00007f895504573a sp=0x00007f896c9971c8 mode 2
Event: 288.144 Executing VM operation: ParallelGCFailedAllocation


Dynamic libraries:
00400000-00401000 r-xp 00000000 08:01 825069                             /usr/lib/jvm/jdk1.8.0_161/bin/java
00600000-00601000 rw-p 00000000 08:01 825069                             /usr/lib/jvm/jdk1.8.0_161/bin/java
01373000-013b9000 rw-p 00000000 00:00 0                                  [heap]
c2600000-c7680000 rw-p 00000000 00:00 0 
cbb00000-eb780000 ---p 00000000 00:00 0 
eb780000-100000000 rw-p 00000000 00:00 0 
100000000-1004a0000 rw-p 00000000 00:00 0 
1004a0000-140000000 ---p 00000000 00:00 0 
7f8914000000-7f891408c000 rw-p 00000000 00:00 0 
7f891408c000-7f8918000000 ---p 00000000 00:00 0 
7f8918000000-7f8918085000 rw-p 00000000 00:00 0 
7f8918085000-7f891c000000 ---p 00000000 00:00 0 
7f891c000000-7f891c107000 rw-p 00000000 00:00 0 
7f891c107000-7f8920000000 ---p 00000000 00:00 0 
7f8920000000-7f8920109000 rw-p 00000000 00:00 0 
7f8920109000-7f8924000000 ---p 00000000 00:00 0 
7f8924000000-7f8924021000 rw-p 00000000 00:00 0 
7f8924021000-7f8928000000 ---p 00000000 00:00 0 
7f8928000000-7f8928021000 rw-p 00000000 00:00 0 
7f8928021000-7f892c000000 ---p 00000000 00:00 0 
7f892c000000-7f892f09e000 rw-p 00000000 00:00 0 
7f892f09e000-7f8930000000 ---p 00000000 00:00 0 
7f8930000000-7f8930cf7000 rw-p 00000000 00:00 0 
7f8930cf7000-7f8934000000 ---p 00000000 00:00 0 
7f8934000000-7f8934021000 rw-p 00000000 00:00 0 
7f8934021000-7f8938000000 ---p 00000000 00:00 0 
7f8938000000-7f8938021000 rw-p 00000000 00:00 0 
7f8938021000-7f893c000000 ---p 00000000 00:00 0 
7f893c000000-7f893c2aa000 rw-p 00000000 00:00 0 
7f893c2aa000-7f8940000000 ---p 00000000 00:00 0 
7f8940000000-7f8940021000 rw-p 00000000 00:00 0 
7f8940021000-7f8944000000 ---p 00000000 00:00 0 
7f8944000000-7f8944021000 rw-p 00000000 00:00 0 
7f8944021000-7f8948000000 ---p 00000000 00:00 0 
7f894a6b0000-7f894a6b1000 rw-p 00000000 00:00 0 
7f894a6b1000-7f894a6c9000 r--s 000d6000 08:01 659466                     /opt/maven/repository/org/glassfish/jersey/bundles/repackaged/jersey-guava/2.25.1/jersey-guava-2.25.1.jar
7f894a6c9000-7f894a6f5000 r--s 00208000 08:01 661954                     /opt/maven/repository/com/google/guava/guava/19.0/guava-19.0.jar
7f894a6f5000-7f894a6f6000 r--s 0000a000 08:01 661950                     /opt/maven/repository/org/ow2/asm/asm-util/5.0.4/asm-util-5.0.4.jar
7f894a6f6000-7f894a6f7000 r--s 00004000 08:01 661948                     /opt/maven/repository/org/ow2/asm/asm-analysis/5.0.4/asm-analysis-5.0.4.jar
7f894a6f7000-7f894a6f9000 r--s 00004000 08:01 661947                     /opt/maven/repository/org/vafer/jdependency/1.1/jdependency-1.1.jar
7f894a6f9000-7f894a6fb000 r--s 00023000 08:01 661945                     /opt/maven/repository/org/jdom/jdom/1.1.3/jdom-1.1.3.jar
7f894a6fb000-7f894a6fd000 r--s 00006000 08:01 661944                     /opt/maven/repository/org/ow2/asm/asm-tree/5.1/asm-tree-5.1.jar
7f894a6fd000-7f894a6ff000 r--s 0000a000 08:01 661939                     /opt/maven/repository/org/ow2/asm/asm-commons/5.1/asm-commons-5.1.jar
7f894a6ff000-7f894a701000 r--s 0000c000 08:01 661937                     /opt/maven/repository/org/ow2/asm/asm/5.1/asm-5.1.jar
7f894a701000-7f894a703000 r--s 0000c000 08:01 661933                     /opt/maven/repository/org/apache/maven/shared/maven-common-artifact-filters/3.0.0/maven-common-artifact-filters-3.0.0.jar
7f894a703000-7f894a708000 r--s 0001a000 08:01 661931                     /opt/maven/repository/org/apache/maven/shared/maven-artifact-transfer/0.9.0/maven-artifact-transfer-0.9.0.jar
7f894a708000-7f894a70b000 r--s 00019000 08:01 661872                     /opt/maven/repository/org/apache/maven/plugins/maven-shade-plugin/3.0.0/maven-shade-plugin-3.0.0.jar
7f894a70b000-7f894a90b000 rw-p 00000000 00:00 0 
7f894a90b000-7f894a90d000 r--s 0000e000 08:01 661578                     /opt/maven/repository/commons-logging/commons-logging/1.1.3/commons-logging-1.1.3.jar
7f894a90d000-7f894a913000 r--s 0003f000 08:01 661575                     /opt/maven/repository/org/apache/httpcomponents/httpcore/4.3.2/httpcore-4.3.2.jar
7f894a913000-7f894a91f000 r--s 00085000 08:01 661574                     /opt/maven/repository/org/apache/httpcomponents/httpclient/4.3.5/httpclient-4.3.5.jar
7f894a91f000-7f894a922000 r--s 00015000 08:01 661571                     /opt/maven/repository/net/sourceforge/pmd/pmd-jsp/5.6.1/pmd-jsp-5.6.1.jar
7f894a922000-7f894a92f000 r--s 00126000 08:01 661569                     /opt/maven/repository/org/mozilla/rhino/1.7.7/rhino-1.7.7.jar
7f894a92f000-7f894a933000 r--s 0001c000 08:01 661568                     /opt/maven/repository/net/sourceforge/pmd/pmd-javascript/5.6.1/pmd-javascript-5.6.1.jar
7f894a933000-7f894a941000 r--s 000ab000 08:01 661566                     /opt/maven/repository/net/sourceforge/pmd/pmd-java/5.6.1/pmd-java-5.6.1.jar
7f894a941000-7f894a943000 r--s 0001e000 08:01 661562                     /opt/maven/repository/net/sourceforge/saxon/saxon/9.1.0.8/saxon-9.1.0.8-dom.jar
7f894a943000-7f894a948000 r--s 00034000 08:01 661561                     /opt/maven/repository/com/google/code/gson/gson/2.5/gson-2.5.jar
7f894a948000-7f894a94a000 r--s 0000c000 08:01 661560                     /opt/maven/repository/org/ow2/asm/asm/5.0.4/asm-5.0.4.jar
7f894a94a000-7f894a951000 r--s 00064000 08:01 661559                     /opt/maven/repository/org/apache/commons/commons-lang3/3.4/commons-lang3-3.4.jar
7f894a951000-7f894a96c000 r--s 004b6000 08:01 661546                     /opt/maven/repository/net/sourceforge/saxon/saxon/9.1.0.8/saxon-9.1.0.8.jar
7f894a96c000-7f894a970000 r--s 00045000 08:01 661554                     /opt/maven/repository/net/java/dev/javacc/javacc/5.0/javacc-5.0.jar
7f894a970000-7f894a972000 r--s 0000e000 08:01 661550                     /opt/maven/repository/com/beust/jcommander/1.48/jcommander-1.48.jar
7f894a972000-7f894a97f000 r--s 000a2000 08:01 661552                     /opt/maven/repository/net/sourceforge/pmd/pmd-core/5.6.1/pmd-core-5.6.1.jar
7f894a97f000-7f894a983000 r--s 0003c000 08:01 661548                     /opt/maven/repository/commons-lang/commons-lang/2.4/commons-lang-2.4.jar
7f894a983000-7f894a987000 r--s 00025000 08:01 661433                     /opt/maven/repository/org/apache/maven/doxia/doxia-core/1.4/doxia-core-1.4.jar
7f894a987000-7f894a988000 r--s 00000000 08:01 2258525                    /home/uptech/batfish-ab/projects/build-tools/target/build-tools-0.36.0.jar
7f894a988000-7f894a98b000 r--s 00017000 08:01 661480                     /opt/maven/repository/org/apache/maven/plugins/maven-pmd-plugin/3.8/maven-pmd-plugin-3.8.jar
7f894a98b000-7f894a98f000 r--s 0002a000 08:01 659395                     /opt/maven/repository/commons-io/commons-io/2.4/commons-io-2.4.jar
7f894a98f000-7f894a992000 r--s 00023000 08:01 661935                     /opt/maven/repository/org/apache/maven/shared/maven-shared-utils/3.0.0/maven-shared-utils-3.0.0.jar
7f894a992000-7f894a995000 r--s 00008000 08:01 661976                     /opt/maven/repository/org/apache/maven/shared/maven-shared-io/3.0.0/maven-shared-io-3.0.0.jar
7f894a995000-7f894a997000 r--s 00007000 08:01 661974                     /opt/maven/repository/org/apache/maven/shared/file-management/3.0.0/file-management-3.0.0.jar
7f894a997000-7f894a999000 r--s 0000e000 08:01 661957                     /opt/maven/repository/org/codehaus/mojo/build-helper-maven-plugin/3.0.0/build-helper-maven-plugin-3.0.0.jar
7f894a999000-7f894a9fe000 r--s 00abc000 08:01 662151                     /opt/maven/repository/com/ibm/icu/icu4j/58.2/icu4j-58.2.jar
7f894a9fe000-7f894aa01000 r--s 00012000 08:01 662149                     /opt/maven/repository/org/glassfish/javax.json/1.0.4/javax.json-1.0.4.jar
7f894aa01000-7f894aa03000 r--s 00005000 08:01 662148                     /opt/maven/repository/org/abego/treelayout/org.abego.treelayout.core/1.0.3/org.abego.treelayout.core-1.0.3.jar
7f894aa03000-7f894aa07000 r--s 00037000 08:01 662145                     /opt/maven/repository/org/antlr/ST4/4.0.8/ST4-4.0.8.jar
7f894aa07000-7f894aa0a000 r--s 00026000 08:01 662143                     /opt/maven/repository/org/antlr/antlr-runtime/3.5.2/antlr-runtime-3.5.2.jar
7f894aa0a000-7f894aa11000 r--s 0004c000 08:01 662037                     /opt/maven/repository/org/antlr/antlr4-runtime/4.7.1/antlr4-runtime-4.7.1.jar
7f894aa11000-7f894aa1d000 r--s 00146000 08:01 662141                     /opt/maven/repository/org/antlr/antlr4/4.7.1/antlr4-4.7.1.jar
7f894aa1d000-7f894aa1f000 r--s 00005000 08:01 662140                     /opt/maven/repository/org/codehaus/plexus/plexus-compiler-api/2.2/plexus-compiler-api-2.2.jar
7f894aa1f000-7f894aa3e000 r--s 00152000 08:01 662137                     /opt/maven/repository/org/sonatype/sisu/sisu-guava/0.9.9/sisu-guava-0.9.9.jar
7f894aa3e000-7f894aa46000 r--s 00050000 08:01 662136                     /opt/maven/repository/org/sonatype/sisu/sisu-guice/3.1.0/sisu-guice-3.1.0-no_aop.jar
7f894aa46000-7f894aa4d000 r--s 00040000 08:01 662134                     /opt/maven/repository/org/sonatype/sisu/sisu-inject-bean/2.3.0/sisu-inject-bean-2.3.0.jar
7f894aa4d000-7f894aa4e000 r--s 00007000 08:01 662014                     /opt/maven/repository/org/antlr/antlr4-maven-plugin/4.7.1/antlr4-maven-plugin-4.7.1.jar
7f894aa4e000-7f894ac4e000 rw-p 00000000 00:00 0 
7f894ac4e000-7f894ac51000 r--s 00012000 08:01 661680                     /opt/maven/repository/org/codehaus/plexus/plexus-io/2.7.1/plexus-io-2.7.1.jar
7f894ac51000-7f894ac54000 r--s 00023000 08:01 661678                     /opt/maven/repository/org/apache/maven/shared/maven-shared-utils/3.0.1/maven-shared-utils-3.0.1.jar
7f894ac54000-7f894ac55000 r--s 00005000 08:01 661676                     /opt/maven/repository/org/apache/maven/maven-archiver/3.1.1/maven-archiver-3.1.1.jar
7f894ac55000-7f894ac56000 r--s 00006000 08:01 661662                     /opt/maven/repository/org/apache/maven/plugins/maven-jar-plugin/3.0.2/maven-jar-plugin-3.0.2.jar
7f894ac56000-7f894ac58000 r--s 00002000 08:01 661869                     /opt/maven/repository/org/apache/maven/plugin-tools/maven-plugin-annotations/3.1/maven-plugin-annotations-3.1.jar
7f894ac58000-7f894ac59000 r--s 00002000 08:01 661857                     /opt/maven/repository/org/apache/maven/reporting/maven-reporting-api/2.0.9/maven-reporting-api-2.0.9.jar
7f894ac59000-7f894ac5d000 r--s 00035000 08:01 661836                     /opt/maven/repository/org/codehaus/plexus/plexus-utils/3.0.8/plexus-utils-3.0.8.jar
7f894ac5d000-7f894ac5f000 r--s 00006000 08:01 661835                     /opt/maven/repository/org/apache/maven/shared/maven-common-artifact-filters/1.3/maven-common-artifact-filters-1.3.jar
7f894ac5f000-7f894ac65000 r--s 00048000 08:01 661831                     /opt/maven/repository/org/apache/commons/commons-lang3/3.1/commons-lang3-3.1.jar
7f894ac65000-7f894ac6a000 r--s 0003c000 08:01 661829                     /opt/maven/repository/org/apache/maven/surefire/maven-surefire-common/2.12.4/maven-surefire-common-2.12.4.jar
7f894ac6a000-7f894ac6e000 r--s 00019000 08:01 661827                     /opt/maven/repository/org/apache/maven/surefire/surefire-api/2.12.4/surefire-api-2.12.4.jar
7f894ac6e000-7f894ac70000 r--s 00007000 08:01 661825                     /opt/maven/repository/org/apache/maven/surefire/surefire-booter/2.12.4/surefire-booter-2.12.4.jar
7f894ac70000-7f894ac71000 r--s 00007000 08:01 661737                     /opt/maven/repository/org/apache/maven/plugins/maven-surefire-plugin/2.12.4/maven-surefire-plugin-2.12.4.jar
7f894ac71000-7f894ac72000 r--s 00004000 08:01 661731                     /opt/maven/repository/org/codehaus/plexus/plexus-compiler-javac/2.8.1/plexus-compiler-javac-2.8.1.jar
7f894ac72000-7f894ac74000 r--s 00000000 08:01 661729                     /opt/maven/repository/org/codehaus/plexus/plexus-compiler-manager/2.8.1/plexus-compiler-manager-2.8.1.jar
7f894ac74000-7f894ac76000 r--s 00005000 08:01 661725                     /opt/maven/repository/org/codehaus/plexus/plexus-compiler-api/2.8.1/plexus-compiler-api-2.8.1.jar
7f894ac76000-7f894ac7d000 r--s 00046000 08:01 661723                     /opt/maven/repository/com/thoughtworks/qdox/qdox/2.0-M5/qdox-2.0-M5.jar
7f894ac7d000-7f894ac7f000 r--s 0000c000 08:01 661721                     /opt/maven/repository/org/ow2/asm/asm/6.0_ALPHA/asm-6.0_ALPHA.jar
7f894ac7f000-7f894ac81000 r--s 00002000 08:01 661719                     /opt/maven/repository/org/apache/maven/shared/maven-shared-incremental/1.1/maven-shared-incremental-1.1.jar
7f894ac81000-7f894ac85000 r--s 00033000 08:01 661717                     /opt/maven/repository/org/codehaus/plexus/plexus-utils/2.0.4/plexus-utils-2.0.4.jar
7f894ac85000-7f894ac87000 r--s 0000d000 08:01 661685                     /opt/maven/repository/org/apache/maven/plugins/maven-compiler-plugin/3.6.1/maven-compiler-plugin-3.6.1.jar
7f894ac87000-7f894ae87000 rw-p 00000000 00:00 0 
7f894ae87000-7f894ae89000 r--s 0000d000 08:01 661658                     /opt/maven/repository/org/codehaus/plexus/plexus-interpolation/1.13/plexus-interpolation-1.13.jar
7f894ae89000-7f894ae8a000 r--s 00001000 08:01 661657                     /opt/maven/repository/org/sonatype/plexus/plexus-build-api/0.0.4/plexus-build-api-0.0.4.jar
7f894ae8a000-7f894ae8c000 r--s 00009000 08:01 661656                     /opt/maven/repository/org/apache/maven/shared/maven-filtering/1.1/maven-filtering-1.1.jar
7f894ae8c000-7f894ae90000 r--s 00033000 08:01 661654                     /opt/maven/repository/org/codehaus/plexus/plexus-utils/2.0.5/plexus-utils-2.0.5.jar
7f894ae90000-7f894ae92000 r--s 00006000 08:01 661647                     /opt/maven/repository/commons-cli/commons-cli/1.0/commons-cli-1.0.jar
7f894ae92000-7f894ae93000 r--s 00001000 08:01 661641                     /opt/maven/repository/org/apache/maven/doxia/doxia-sink-api/1.0-alpha-7/doxia-sink-api-1.0-alpha-7.jar
7f894ae93000-7f894ae94000 r--s 00002000 08:01 661639                     /opt/maven/repository/org/apache/maven/reporting/maven-reporting-api/2.0.6/maven-reporting-api-2.0.6.jar
7f894ae94000-7f894ae96000 r--s 00006000 08:01 661585                     /opt/maven/repository/org/apache/maven/plugins/maven-resources-plugin/2.6/maven-resources-plugin-2.6.jar
7f894ae96000-7f894b096000 rw-p 00000000 00:00 0 
7f894b096000-7f894b296000 rw-p 00000000 00:00 0 
7f894b296000-7f894b298000 r--s 00001000 08:01 661212                     /opt/maven/repository/org/sonatype/plexus/plexus-build-api/0.0.7/plexus-build-api-0.0.7.jar
7f894b298000-7f894b29c000 r--s 0003c000 08:01 661209                     /opt/maven/repository/org/codehaus/plexus/plexus-utils/3.1.0/plexus-utils-3.1.0.jar
7f894b29c000-7f894b29e000 r--s 00004000 08:01 661208                     /opt/maven/repository/org/codehaus/plexus/plexus-resources/1.1.0/plexus-resources-1.1.0.jar
7f894b29e000-7f894b2ac000 r--s 0008f000 08:01 661205                     /opt/maven/repository/com/google/collections/google-collections/1.0/google-collections-1.0.jar
7f894b2ac000-7f894b2b0000 r--s 00021000 08:01 661203                     /opt/maven/repository/org/apache/xbean/xbean-reflect/3.7/xbean-reflect-3.7.jar
7f894b2b0000-7f894b2b2000 r--s 0000a000 08:01 661197                     /opt/maven/repository/org/apache/maven/shared/maven-doxia-tools/1.4/maven-doxia-tools-1.4.jar
7f894b2b2000-7f894b2b6000 r--s 00020000 08:01 661196                     /opt/maven/repository/commons-digester/commons-digester/1.8/commons-digester-1.8.jar
7f894b2b6000-7f894b2be000 r--s 00066000 08:01 661193                     /opt/maven/repository/org/apache/velocity/velocity/1.7/velocity-1.7.jar
7f894b2be000-7f894b2c0000 r--s 00008000 08:01 661192                     /opt/maven/repository/org/apache/maven/doxia/doxia-module-fml/1.7/doxia-module-fml-1.7.jar
7f894b2c0000-7f894b2c2000 r--s 00003000 08:01 661190                     /opt/maven/repository/org/apache/maven/doxia/doxia-module-xhtml/1.7/doxia-module-xhtml-1.7.jar
7f894b2c2000-7f894b2c3000 r--s 00003000 08:01 661189                     /opt/maven/repository/org/apache/maven/doxia/doxia-skin-model/1.7/doxia-skin-model-1.7.jar
7f894b2c3000-7f894b2c5000 r--s 0000e000 08:01 661186                     /opt/maven/repository/org/apache/maven/doxia/doxia-site-renderer/1.7/doxia-site-renderer-1.7.jar
7f894b2c5000-7f894b2c7000 r--s 0000d000 08:01 661183                     /opt/maven/repository/org/apache/maven/doxia/doxia-decoration-model/1.7/doxia-decoration-model-1.7.jar
7f894b2c7000-7f894b2c8000 r--s 00002000 08:01 661181                     /opt/maven/repository/org/apache/maven/doxia/doxia-sink-api/1.7/doxia-sink-api-1.7.jar
7f894b2c8000-7f894b2ca000 r--s 00016000 08:01 661180                     /opt/maven/repository/xmlunit/xmlunit/1.5/xmlunit-1.5.jar
7f894b2ca000-7f894b2cc000 r--s 0000d000 08:01 661176                     /opt/maven/repository/commons-logging/commons-logging/1.1.1/commons-logging-1.1.1.jar
7f894b2cc000-7f894b2cd000 r--s 00002000 08:01 661175                     /opt/maven/repository/org/apache/maven/doxia/doxia-logging-api/1.7/doxia-logging-api-1.7.jar
7f894b2cd000-7f894b2d0000 r--s 00026000 08:01 661174                     /opt/maven/repository/org/apache/maven/doxia/doxia-core/1.7/doxia-core-1.7.jar
7f894b2d0000-7f894b2d2000 r--s 00000000 08:01 661166                     /opt/maven/repository/org/codehaus/plexus/plexus-component-annotations/1.7.1/plexus-component-annotations-1.7.1.jar
7f894b2d2000-7f894b2d5000 r--s 00011000 08:01 661165                     /opt/maven/repository/org/codehaus/plexus/plexus-interpolation/1.24/plexus-interpolation-1.24.jar
7f894b2d5000-7f894b2d9000 r--s 00023000 08:01 661162                     /opt/maven/repository/org/apache/maven/resolver/maven-resolver-util/1.0.3/maven-resolver-util-1.0.3.jar
7f894b2d9000-7f894b308000 r--s 00226000 08:01 661151                     /opt/maven/repository/com/google/guava/guava/20.0/guava-20.0.jar
7f894b308000-7f894b309000 r--s 00003000 08:01 661149                     /opt/maven/repository/org/apache/maven/maven-builder-support/3.5.0/maven-builder-support-3.5.0.jar
7f894b309000-7f894b310000 r--s 00056000 08:01 661146                     /opt/maven/repository/org/eclipse/sisu/org.eclipse.sisu.inject/0.3.3/org.eclipse.sisu.inject-0.3.3.jar
7f894b310000-7f894b311000 r--s 00001000 08:01 661140                     /opt/maven/repository/javax/annotation/jsr250-api/1.0/jsr250-api-1.0.jar
7f894b311000-7f894b314000 r--s 00008000 08:01 661139                     /opt/maven/repository/javax/enterprise/cdi-api/1.0/cdi-api-1.0.jar
7f894b314000-7f894b31b000 r--s 00000000 08:01 1086193                    /usr/lib/x86_64-linux-gnu/gconv/gconv-modules.cache
7f894b31b000-7f894b33c000 r--p 00000000 08:01 1186991                    /usr/share/locale-langpack/zh_CN/LC_MESSAGES/libc.mo
7f894b33c000-7f894b340000 r--s 00025000 08:01 661129                     /opt/maven/repository/org/apache/maven/shared/maven-shared-utils/3.2.0/maven-shared-utils-3.2.0.jar
7f894b340000-7f894b341000 r--s 00004000 08:01 661127                     /opt/maven/repository/org/apache/maven/reporting/maven-reporting-impl/3.0.0/maven-reporting-impl-3.0.0.jar
7f894b341000-7f894b345000 r--s 00031000 08:01 661126                     /opt/maven/repository/org/codehaus/groovy/groovy-xml/2.4.12/groovy-xml-2.4.12.jar
7f894b345000-7f894b347000 r--s 00016000 08:01 661123                     /opt/maven/repository/org/codehaus/groovy/groovy-templates/2.4.12/groovy-templates-2.4.12.jar
7f894b347000-7f894b34a000 r--s 0001f000 08:01 661120                     /opt/maven/repository/org/codehaus/groovy/groovy-groovydoc/2.4.12/groovy-groovydoc-2.4.12.jar
7f894b34a000-7f894b34c000 r--s 0001b000 08:01 661119                     /opt/maven/repository/org/apache/ant/ant-junit/1.9.4/ant-junit-1.9.4.jar
7f894b34c000-7f894b34d000 r--s 00002000 08:01 661118                     /opt/maven/repository/org/apache/ant/ant-antlr/1.9.4/ant-antlr-1.9.4.jar
7f894b34d000-7f894b34e000 r--s 00010000 08:01 661115                     /opt/maven/repository/org/codehaus/groovy/groovy-ant/2.4.12/groovy-ant-2.4.12.jar
7f894b34e000-7f894b39a000 r--s 0040e000 08:01 661113                     /opt/maven/repository/org/codehaus/groovy/groovy/2.4.12/groovy-2.4.12.jar
7f894b39a000-7f894b39b000 r--s 00004000 08:01 661112                     /opt/maven/repository/org/apache/ant/ant-launcher/1.9.9/ant-launcher-1.9.9.jar
7f894b39b000-7f894b3ba000 r--s 001d5000 08:01 661110                     /opt/maven/repository/org/apache/ant/ant/1.9.9/ant-1.9.9.jar
7f894b3ba000-7f894b3c0000 r--s 00033000 08:01 661108                     /opt/maven/repository/jaxen/jaxen/1.1.6/jaxen-1.1.6.jar
7f894b3c0000-7f894b3c1000 r--s 00002000 08:01 661105                     /opt/maven/repository/com/apple/AppleJavaExtensions/1.4/AppleJavaExtensions-1.4.jar
7f894b3c1000-7f894b3c3000 r--s 00006000 08:01 661104                     /opt/maven/repository/org/ow2/asm/asm-tree/5.0.2/asm-tree-5.0.2.jar
7f894b3c3000-7f894b3c5000 r--s 00009000 08:01 661100                     /opt/maven/repository/org/ow2/asm/asm-commons/5.0.2/asm-commons-5.0.2.jar
7f894b3c5000-7f894b3ca000 r--s 00058000 08:01 661099                     /opt/maven/repository/org/ow2/asm/asm-debug-all/5.0.2/asm-debug-all-5.0.2.jar
7f894b3ca000-7f894b3cf000 r--s 00016000 08:01 661098                     /opt/maven/repository/xml-apis/xml-apis/1.0.b2/xml-apis-1.0.b2.jar
7f894b3cf000-7f894b3d4000 r--s 00048000 08:01 661094                     /opt/maven/repository/dom4j/dom4j/1.6.1/dom4j-1.6.1.jar
7f894b3d4000-7f894b3d6000 r--s 00005000 08:01 661090                     /opt/maven/repository/com/google/code/findbugs/jFormatString/2.0.1/jFormatString-2.0.1.jar
7f894b3d6000-7f894b3e0000 r--s 0008c000 08:01 661092                     /opt/maven/repository/com/google/code/findbugs/bcel-findbugs/6.0/bcel-findbugs-6.0.jar
7f894b3e0000-7f894b3e1000 r--s 00000000 08:01 661088                     /opt/maven/repository/net/jcip/jcip-annotations/1.0/jcip-annotations-1.0.jar
7f894b3e1000-7f894b410000 r--s 00371000 08:01 661086                     /opt/maven/repository/com/google/code/findbugs/findbugs/3.0.1/findbugs-3.0.1.jar
7f894b410000-7f894b413000 r--s 00021000 08:01 660766                     /opt/maven/repository/org/codehaus/mojo/findbugs-maven-plugin/3.0.5/findbugs-maven-plugin-3.0.5.jar
7f894b413000-7f894b613000 rw-p 00000000 00:00 0 
7f894b613000-7f894b620000 r--s 00083000 08:01 659419                     /opt/maven/repository/commons-collections/commons-collections/3.2.2/commons-collections-3.2.2.jar
7f894b620000-7f894b625000 r--s 00041000 08:01 660702                     /opt/maven/repository/commons-lang/commons-lang/2.6/commons-lang-2.6.jar
7f894b625000-7f894b62a000 r--s 0001a000 08:01 660699                     /opt/maven/repository/org/apache/maven/shared/maven-artifact-transfer/0.9.1/maven-artifact-transfer-0.9.1.jar
7f894b62a000-7f894b62c000 r--s 00007000 08:01 660692                     /opt/maven/repository/org/apache/maven/shared/maven-dependency-tree/3.0.1/maven-dependency-tree-3.0.1.jar
7f894b62c000-7f894b62d000 r--s 0000c000 08:01 660691                     /opt/maven/repository/org/ow2/asm/asm/5.0.2/asm-5.0.2.jar
7f894b62d000-7f894b62f000 r--s 00007000 08:01 660690                     /opt/maven/repository/org/apache/maven/shared/maven-dependency-analyzer/1.7/maven-dependency-analyzer-1.7.jar
7f894b62f000-7f894b632000 r--s 00011000 08:01 660684                     /opt/maven/repository/org/codehaus/plexus/plexus-io/2.4/plexus-io-2.4.jar
7f894b632000-7f894b634000 r--s 00008000 08:01 660682                     /opt/maven/repository/org/apache/maven/shared/maven-shared-io/1.1/maven-shared-io-1.1.jar
7f894b634000-7f894b636000 r--s 00008000 08:01 660681                     /opt/maven/repository/org/apache/maven/shared/file-management/1.2.1/file-management-1.2.1.jar
7f894b636000-7f894b63a000 r--s 00015000 08:01 660674                     /opt/maven/repository/org/tukaani/xz/1.5/xz-1.5.jar
7f894b63a000-7f894b63c000 r--s 0000d000 08:01 660673                     /opt/maven/repository/org/iq80/snappy/snappy/0.4/snappy-0.4.jar
7f894b63c000-7f894b644000 r--s 00060000 08:01 660672                     /opt/maven/repository/org/apache/commons/commons-compress/1.11/commons-compress-1.11.jar
7f894b644000-7f894b649000 r--s 00029000 08:01 660671                     /opt/maven/repository/org/codehaus/plexus/plexus-archiver/3.4/plexus-archiver-3.4.jar
7f894b649000-7f894b64e000 r--s 00053000 08:01 660667                     /opt/maven/repository/antlr/antlr/2.7.2/antlr-2.7.2.jar
7f894b64e000-7f894b64f000 r--s 00001000 08:01 660666                     /opt/maven/repository/org/codehaus/plexus/plexus-velocity/1.1.7/plexus-velocity-1.1.7.jar
7f894b64f000-7f894b651000 r--s 00008000 08:01 660659                     /opt/maven/repository/commons-logging/commons-logging/1.0.4/commons-logging-1.0.4.jar
7f894b651000-7f894b656000 r--s 0002a000 08:01 660658                     /opt/maven/repository/commons-beanutils/commons-beanutils/1.7.0/commons-beanutils-1.7.0.jar
7f894b656000-7f894b659000 r--s 00025000 08:01 660379                     /opt/maven/repository/org/apache/maven/plugins/maven-dependency-plugin/3.0.1/maven-dependency-plugin-3.0.1.jar
7f894b659000-7f894b667000 r--s 0007f000 08:01 660349                     /opt/maven/repository/commons-collections/commons-collections/3.2.1/commons-collections-3.2.1.jar
7f894b667000-7f894b669000 r--s 0000e000 08:01 660348                     /opt/maven/repository/oro/oro/2.0.8/oro-2.0.8.jar
7f894b669000-7f894b66d000 r--s 0002f000 08:01 660344                     /opt/maven/repository/commons-lang/commons-lang/2.1/commons-lang-2.1.jar
7f894b66d000-7f894b675000 r--s 00058000 08:01 660342                     /opt/maven/repository/org/apache/velocity/velocity/1.5/velocity-1.5.jar
7f894b675000-7f894b676000 r--s 00001000 08:01 660340                     /opt/maven/repository/org/codehaus/plexus/plexus-velocity/1.1.8/plexus-velocity-1.1.8.jar
7f894b676000-7f894b679000 r--s 0000d000 08:01 660339                     /opt/maven/repository/org/codehaus/plexus/plexus-interpolation/1.21/plexus-interpolation-1.21.jar
7f894b679000-7f894b67d000 r--s 00038000 08:01 660224                     /opt/maven/repository/org/codehaus/plexus/plexus-utils/3.0.20/plexus-utils-3.0.20.jar
7f894b67d000-7f894b67f000 r--s 00004000 08:01 660336                     /opt/maven/repository/org/codehaus/plexus/plexus-resources/1.0.1/plexus-resources-1.0.1.jar
7f894b67f000-7f894b681000 r--s 00000000 08:01 660333                     /opt/maven/repository/org/codehaus/plexus/plexus-component-annotations/1.5.5/plexus-component-annotations-1.5.5.jar
7f894b681000-7f894b684000 r--s 00018000 08:01 660226                     /opt/maven/repository/commons-io/commons-io/1.4/commons-io-1.4.jar
7f894b684000-7f894b685000 r--s 0000a000 08:01 660330                     /opt/maven/repository/org/apache/maven/doxia/doxia-integration-tools/1.6/doxia-integration-tools-1.6.jar
7f894b685000-7f894b688000 r--s 0001b000 08:01 660326                     /opt/maven/repository/org/apache/struts/struts-tiles/1.3.8/struts-tiles-1.3.8.jar
7f894b688000-7f894b68d000 r--s 00039000 08:01 660324                     /opt/maven/repository/org/apache/struts/struts-taglib/1.3.8/struts-taglib-1.3.8.jar
7f894b68d000-7f894b693000 r--s 0004b000 08:01 660322                     /opt/maven/repository/org/apache/struts/struts-core/1.3.8/struts-core-1.3.8.jar
7f894b693000-7f894b695000 r--s 00005000 08:01 660321                     /opt/maven/repository/sslext/sslext/1.2-0/sslext-1.2-0.jar
7f894b695000-7f894b69d000 r--s 00068000 08:01 660318                     /opt/maven/repository/dom4j/dom4j/1.1/dom4j-1.1.jar
7f894b69d000-7f894b69f000 r--s 00014000 08:01 660317                     /opt/maven/repository/commons-chain/commons-chain/1.1/commons-chain-1.1.jar
7f894b69f000-7f894b6a5000 r--s 0004f000 08:01 660316                     /opt/maven/repository/org/apache/velocity/velocity-tools/2.0/velocity-tools-2.0.jar
7f894b6a5000-7f894b6a6000 r--s 00002000 08:01 660313                     /opt/maven/repository/org/codehaus/plexus/plexus-i18n/1.0-beta-7/plexus-i18n-1.0-beta-7.jar
7f894b6a6000-7f894b6a8000 r--s 00008000 08:01 660310                     /opt/maven/repository/org/apache/maven/doxia/doxia-module-fml/1.4/doxia-module-fml-1.4.jar
7f894b6a8000-7f894b6a9000 r--s 00003000 08:01 660309                     /opt/maven/repository/org/apache/maven/doxia/doxia-module-xhtml/1.4/doxia-module-xhtml-1.4.jar
7f894b6a9000-7f894b6ab000 r--s 0000b000 08:01 660307                     /opt/maven/repository/org/apache/maven/doxia/doxia-site-renderer/1.4/doxia-site-renderer-1.4.jar
7f894b6ab000-7f894b6ac000 r--s 0000e000 08:01 660304                     /opt/maven/repository/org/apache/maven/doxia/doxia-decoration-model/1.4/doxia-decoration-model-1.4.jar
7f894b6ac000-7f894b6ad000 r--s 00002000 08:01 660303                     /opt/maven/repository/org/apache/maven/doxia/doxia-logging-api/1.4/doxia-logging-api-1.4.jar
7f894b6ad000-7f894b6ae000 r--s 00002000 08:01 660301                     /opt/maven/repository/org/apache/maven/doxia/doxia-sink-api/1.4/doxia-sink-api-1.4.jar
7f894b6ae000-7f894b6b2000 r--s 00026000 08:01 660300                     /opt/maven/repository/commons-digester/commons-digester/1.6/commons-digester-1.6.jar
7f894b6b2000-7f894b6b5000 r--s 0001f000 08:01 660295                     /opt/maven/repository/commons-validator/commons-validator/1.3.1/commons-validator-1.3.1.jar
7f894b6b5000-7f894b6b7000 r--s 0000a000 08:01 660294                     /opt/maven/repository/commons-codec/commons-codec/1.3/commons-codec-1.3.jar
7f894b6b7000-7f894b6bc000 r--s 00026000 08:01 660292                     /opt/maven/repository/org/apache/httpcomponents/httpcore/4.0.1/httpcore-4.0.1.jar
7f894b6bc000-7f894b6c3000 r--s 00041000 08:01 660291                     /opt/maven/repository/org/apache/httpcomponents/httpclient/4.0.2/httpclient-4.0.2.jar
7f894b6c3000-7f894b6cb000 r--s 00028000 08:01 660289                     /opt/maven/repository/xml-apis/xml-apis/1.3.04/xml-apis-1.3.04.jar
7f894b6cb000-7f894b6e3000 r--s 00115000 08:01 660287                     /opt/maven/repository/xerces/xercesImpl/2.9.1/xercesImpl-2.9.1.jar
7f894b6e3000-7f894b6e7000 r--s 00022000 08:01 660285                     /opt/maven/repository/org/apache/maven/doxia/doxia-core/1.2/doxia-core-1.2.jar
7f894b6e7000-7f894b6eb000 r--s 00025000 08:01 660281                     /opt/maven/repository/org/apache/maven/shared/maven-shared-utils/0.6/maven-shared-utils-0.6.jar
7f894b6eb000-7f894b6ec000 r--s 00004000 08:01 660280                     /opt/maven/repository/org/apache/maven/reporting/maven-reporting-impl/2.3/maven-reporting-impl-2.3.jar
7f894b6ec000-7f894b6ed000 r--s 00002000 08:01 660279                     /opt/maven/repository/org/apache/maven/reporting/maven-reporting-api/3.0/maven-reporting-api-3.0.jar
7f894b6ed000-7f894b6ef000 r--s 00002000 08:01 660255                     /opt/maven/repository/org/codehaus/plexus/plexus-interactivity-api/1.0-alpha-4/plexus-interactivity-api-1.0-alpha-4.jar
7f894b6ef000-7f894b6f1000 r--s 00003000 08:01 660244                     /opt/maven/repository/org/slf4j/jcl-over-slf4j/1.5.6/jcl-over-slf4j-1.5.6.jar
7f894b6f1000-7f894b6f3000 r--s 00001000 08:01 660237                     /opt/maven/repository/org/slf4j/slf4j-jdk14/1.5.6/slf4j-jdk14-1.5.6.jar
7f894b6f3000-7f894b76c000 r--s 010f9000 08:01 825176                     /usr/lib/jvm/jdk1.8.0_161/lib/tools.jar
7f894b76c000-7f894b76d000 r--s 00000000 08:01 659413                     /opt/maven/repository/org/codehaus/mojo/animal-sniffer-annotations/1.14/animal-sniffer-annotations-1.14.jar
7f894b76d000-7f894b76f000 r--s 00001000 08:01 659391                     /opt/maven/repository/com/google/j2objc/j2objc-annotations/1.1/j2objc-annotations-1.1.jar
7f894b76f000-7f894b772000 r--s 00006000 08:01 660227                     /opt/maven/repository/com/google/code/findbugs/jsr305/1.3.9/jsr305-1.3.9.jar
7f894b772000-7f894b7a2000 r--s 00245000 08:01 659409                     /opt/maven/repository/com/google/guava/guava/22.0/guava-22.0.jar
7f894b7a2000-7f894b7a4000 r--s 0000c000 08:01 660225                     /opt/maven/repository/commons-cli/commons-cli/1.4/commons-cli-1.4.jar
7f894b7a4000-7f894b7a9000 r--s 00038000 08:01 659400                     /opt/maven/repository/commons-beanutils/commons-beanutils/1.9.3/commons-beanutils-1.9.3.jar
7f894b7a9000-7f894b9a9000 rw-p 00000000 00:00 0 
7f894b9a9000-7f894b9ac000 ---p 00000000 00:00 0 
7f894b9ac000-7f894baaa000 rw-p 00000000 00:00 0 
7f894baaa000-7f894baad000 ---p 00000000 00:00 0 
7f894baad000-7f894bdab000 rw-p 00000000 00:00 0 
7f894bdab000-7f894bdad000 r--s 0000e000 08:01 659437                     /opt/maven/repository/commons-logging/commons-logging/1.2/commons-logging-1.2.jar
7f894bdad000-7f894bdb3000 r--s 0004c000 08:01 660223                     /opt/maven/repository/org/antlr/antlr4-runtime/4.7/antlr4-runtime-4.7.jar
7f894bdb3000-7f894bdb8000 r--s 00068000 08:01 660221                     /opt/maven/repository/antlr/antlr/2.7.7/antlr-2.7.7.jar
7f894bdb8000-7f894bdcd000 r--s 00118000 08:01 660219                     /opt/maven/repository/com/puppycrawl/tools/checkstyle/8.0/checkstyle-8.0.jar
7f894bdcd000-7f894bdcf000 r--s 00019000 08:01 659665                     /opt/maven/repository/org/apache/maven/plugins/maven-checkstyle-plugin/2.17/maven-checkstyle-plugin-2.17.jar
7f894bdcf000-7f894bdd3000 r--s 00037000 08:01 660368                     /opt/maven/repository/org/codehaus/plexus/plexus-utils/3.0.15/plexus-utils-3.0.15.jar
7f894bdd3000-7f894bdd5000 r--s 00006000 08:01 660366                     /opt/maven/repository/com/google/code/findbugs/jsr305/2.0.1/jsr305-2.0.1.jar
7f894bdd5000-7f894bdd8000 r--s 00023000 08:01 660364                     /opt/maven/repository/org/apache/maven/shared/maven-shared-utils/0.4/maven-shared-utils-0.4.jar
7f894bdd8000-7f894bde0000 r--s 00049000 08:01 660258                     /opt/maven/repository/backport-util-concurrent/backport-util-concurrent/3.1/backport-util-concurrent-3.1.jar
7f894bde0000-7f894bde3000 r--s 0001b000 08:01 660247                     /opt/maven/repository/junit/junit/3.8.1/junit-3.8.1.jar
7f894bde3000-7f894bde5000 r--s 0000b000 08:01 660360                     /opt/maven/repository/org/codehaus/plexus/plexus-interpolation/1.11/plexus-interpolation-1.11.jar
7f894bde5000-7f894bde7000 r--s 00007000 08:01 660355                     /opt/maven/repository/org/apache/maven/plugins/maven-install-plugin/2.5.2/maven-install-plugin-2.5.2.jar
7f894bde7000-7f894bdeb000 r--s 0001d000 08:01 660693                     /opt/maven/repository/org/eclipse/aether/aether-util/0.9.0.M2/aether-util-0.9.0.M2.jar
7f894bdeb000-7f894bdf0000 r--s 00040000 08:01 660754                     /opt/maven/repository/org/beanshell/bsh/2.0b4/bsh-2.0b4.jar
7f894bdf0000-7f894bdf6000 r--s 00033000 08:01 659588                     /opt/maven/repository/commons-codec/commons-codec/1.6/commons-codec-1.6.jar
7f894bdf6000-7f894bdfe000 r--s 0006e000 08:01 660751                     /opt/maven/repository/org/apache/commons/commons-lang3/3.5/commons-lang3-3.5.jar
7f894bdfe000-7f894be01000 ---p 00000000 00:00 0 
7f894be01000-7f894beff000 rw-p 00000000 00:00 0 
7f894beff000-7f894bf02000 ---p 00000000 00:00 0 
7f894bf02000-7f894c000000 rw-p 00000000 00:00 0 
7f894c000000-7f894c02b000 rw-p 00000000 00:00 0 
7f894c02b000-7f8950000000 ---p 00000000 00:00 0 
7f8950000000-7f8950001000 r--s 00002000 08:01 659392                     /opt/maven/repository/com/google/errorprone/error_prone_annotations/2.0.18/error_prone_annotations-2.0.18.jar
7f8950001000-7f8950004000 r--s 0000d000 08:01 660755                     /opt/maven/repository/org/apache/maven/shared/maven-dependency-tree/2.2/maven-dependency-tree-2.2.jar
7f8950004000-7f8950008000 r--s 0002f000 08:01 660661                     /opt/maven/repository/commons-io/commons-io/2.5/commons-io-2.5.jar
7f8950008000-7f895000b000 r--s 00025000 08:01 660748                     /opt/maven/repository/org/apache/maven/shared/maven-shared-utils/3.1.0/maven-shared-utils-3.1.0.jar
7f895000b000-7f895000e000 r--s 0000d000 08:01 660694                     /opt/maven/repository/org/apache/maven/shared/maven-common-artifact-filters/3.0.1/maven-common-artifact-filters-3.0.1.jar
7f895000e000-7f8950010000 r--s 00018000 08:01 660746                     /opt/maven/repository/org/apache/maven/enforcer/enforcer-rules/3.0.0-M1/enforcer-rules-3.0.0-M1.jar
7f8950010000-7f8950012000 r--s 00009000 08:01 659502                     /opt/maven/repository/org/hamcrest/hamcrest-core/1.3/hamcrest-core-1.3.jar
7f8950012000-7f8950018000 r--s 00036000 08:01 660744                     /opt/maven/repository/junit/junit/4.11/junit-4.11.jar
7f8950018000-7f8950019000 r--s 00002000 08:01 660740                     /opt/maven/repository/org/apache/maven/enforcer/enforcer-api/3.0.0-M1/enforcer-api-3.0.0-M1.jar
7f8950019000-7f895001d000 r--s 00039000 08:01 660680                     /opt/maven/repository/org/codehaus/plexus/plexus-utils/3.0.24/plexus-utils-3.0.24.jar
7f895001d000-7f895001f000 r--s 00002000 08:01 660268                     /opt/maven/repository/org/sonatype/plexus/plexus-cipher/1.4/plexus-cipher-1.4.jar
7f895001f000-7f8950021000 r--s 00000000 08:01 660655                     /opt/maven/repository/org/codehaus/plexus/plexus-component-annotations/1.6/plexus-component-annotations-1.6.jar
7f8950021000-7f8950023000 r--s 0000d000 08:01 660649                     /opt/maven/repository/org/codehaus/plexus/plexus-interpolation/1.14/plexus-interpolation-1.14.jar
7f8950023000-7f8950027000 r--s 00017000 08:01 660648                     /opt/maven/repository/org/sonatype/aether/aether-util/1.7/aether-util-1.7.jar
7f8950027000-7f8950029000 r--s 0000b000 08:01 660641                     /opt/maven/repository/org/apache/maven/maven-aether-provider/3.0/maven-aether-provider-3.0.jar
7f8950029000-7f8950034000 r--s 00069000 08:01 660624                     /opt/maven/repository/org/sonatype/sisu/sisu-guice/2.1.7/sisu-guice-2.1.7-noaop.jar
7f8950034000-7f8950039000 r--s 00021000 08:01 660626                     /opt/maven/repository/org/sonatype/sisu/sisu-inject-bean/1.4.2/sisu-inject-bean-1.4.2.jar
7f8950039000-7f895003b000 r--s 00005000 08:01 660708                     /opt/maven/repository/org/apache/maven/plugins/maven-enforcer-plugin/3.0.0-M1/maven-enforcer-plugin-3.0.0-M1.jar
7f895003b000-7f895003e000 ---p 00000000 00:00 0 
7f895003e000-7f895013c000 rw-p 00000000 00:00 0 
7f895013c000-7f8950153000 r-xp 00000000 08:01 398186                     /lib/x86_64-linux-gnu/libresolv-2.19.so
7f8950153000-7f8950353000 ---p 00017000 08:01 398186                     /lib/x86_64-linux-gnu/libresolv-2.19.so
7f8950353000-7f8950354000 r--p 00017000 08:01 398186                     /lib/x86_64-linux-gnu/libresolv-2.19.so
7f8950354000-7f8950355000 rw-p 00018000 08:01 398186                     /lib/x86_64-linux-gnu/libresolv-2.19.so
7f8950355000-7f8950357000 rw-p 00000000 00:00 0 
7f8950357000-7f895035c000 r-xp 00000000 08:01 398180                     /lib/x86_64-linux-gnu/libnss_dns-2.19.so
7f895035c000-7f895055b000 ---p 00005000 08:01 398180                     /lib/x86_64-linux-gnu/libnss_dns-2.19.so
7f895055b000-7f895055c000 r--p 00004000 08:01 398180                     /lib/x86_64-linux-gnu/libnss_dns-2.19.so
7f895055c000-7f895055d000 rw-p 00005000 08:01 398180                     /lib/x86_64-linux-gnu/libnss_dns-2.19.so
7f895055d000-7f895055f000 r-xp 00000000 08:01 397886                     /lib/x86_64-linux-gnu/libnss_mdns4_minimal.so.2
7f895055f000-7f895075e000 ---p 00002000 08:01 397886                     /lib/x86_64-linux-gnu/libnss_mdns4_minimal.so.2
7f895075e000-7f895075f000 r--p 00001000 08:01 397886                     /lib/x86_64-linux-gnu/libnss_mdns4_minimal.so.2
7f895075f000-7f8950760000 rw-p 00002000 08:01 397886                     /lib/x86_64-linux-gnu/libnss_mdns4_minimal.so.2
7f8950760000-7f8950960000 rw-p 00000000 00:00 0 
7f8950960000-7f8950b60000 rw-p 00000000 00:00 0 
7f8950b60000-7f8950b77000 r-xp 00000000 08:01 398146                     /lib/x86_64-linux-gnu/libgcc_s.so.1
7f8950b77000-7f8950d76000 ---p 00017000 08:01 398146                     /lib/x86_64-linux-gnu/libgcc_s.so.1
7f8950d76000-7f8950d77000 r--p 00016000 08:01 398146                     /lib/x86_64-linux-gnu/libgcc_s.so.1
7f8950d77000-7f8950d78000 rw-p 00017000 08:01 398146                     /lib/x86_64-linux-gnu/libgcc_s.so.1
7f8950d78000-7f8950d79000 r--s 00006000 08:01 660266                     /opt/maven/repository/org/sonatype/plexus/plexus-sec-dispatcher/1.3/plexus-sec-dispatcher-1.3.jar
7f8950d79000-7f8950d7f000 r--s 0003e000 08:01 826674                     /usr/lib/jvm/jdk1.8.0_161/jre/lib/ext/sunjce_provider.jar
7f8950d7f000-7f8950d92000 r--s 00345000 08:01 826643                     /usr/lib/jvm/jdk1.8.0_161/jre/lib/resources.jar
7f8950d92000-7f8950dc4000 r-xp 00000000 08:01 957220                     /usr/lib/jvm/jdk1.8.0_161/jre/lib/amd64/libsunec.so
7f8950dc4000-7f8950fc3000 ---p 00032000 08:01 957220                     /usr/lib/jvm/jdk1.8.0_161/jre/lib/amd64/libsunec.so
7f8950fc3000-7f8950fc9000 rw-p 00031000 08:01 957220                     /usr/lib/jvm/jdk1.8.0_161/jre/lib/amd64/libsunec.so
7f8950fc9000-7f8950fd9000 rw-p 00000000 00:00 0 
7f8950fd9000-7f8950fdb000 r--s 00009000 08:01 826664                     /usr/lib/jvm/jdk1.8.0_161/jre/lib/ext/sunec.jar
7f8950fdb000-7f8950fde000 r--s 0001a000 08:01 826766                     /usr/lib/jvm/jdk1.8.0_161/jre/lib/jce.jar
7f8950fde000-7f8950fef000 r-xp 00000000 08:01 957271                     /usr/lib/jvm/jdk1.8.0_161/jre/lib/amd64/libnio.so
7f8950fef000-7f89511ee000 ---p 00011000 08:01 957271                     /usr/lib/jvm/jdk1.8.0_161/jre/lib/amd64/libnio.so
7f89511ee000-7f89511ef000 rw-p 00010000 08:01 957271                     /usr/lib/jvm/jdk1.8.0_161/jre/lib/amd64/libnio.so
7f89511ef000-7f8951205000 r-xp 00000000 08:01 957268                     /usr/lib/jvm/jdk1.8.0_161/jre/lib/amd64/libnet.so
7f8951205000-7f8951405000 ---p 00016000 08:01 957268                     /usr/lib/jvm/jdk1.8.0_161/jre/lib/amd64/libnet.so
7f8951405000-7f8951406000 rw-p 00016000 08:01 957268                     /usr/lib/jvm/jdk1.8.0_161/jre/lib/amd64/libnet.so
7f8951406000-7f8951606000 rw-p 00000000 00:00 0 
7f8951606000-7f895160b000 r--s 0009d000 08:01 826662                     /usr/lib/jvm/jdk1.8.0_161/jre/lib/jsse.jar
7f895160b000-7f895180b000 rw-p 00000000 00:00 0 
7f895180b000-7f8951a0b000 rw-p 00000000 00:00 0 
7f8951a0b000-7f8951a15000 r--s 00116000 08:01 826673                     /usr/lib/jvm/jdk1.8.0_161/jre/lib/ext/localedata.jar
7f8951a15000-7f8951a31000 r--s 00393000 08:01 826666                     /usr/lib/jvm/jdk1.8.0_161/jre/lib/ext/cldrdata.jar
7f8951a31000-7f8951a39000 r--s 0006e000 08:01 658986                     /opt/maven/apache-maven-3.5.0/lib/commons-lang3-3.5.jar
7f8951a39000-7f8951a3c000 r--s 00008000 08:01 658985                     /opt/maven/apache-maven-3.5.0/lib/cdi-api-1.0.jar
7f8951a3c000-7f8951a3e000 r--s 0000c000 08:01 658982                     /opt/maven/apache-maven-3.5.0/lib/maven-artifact-3.5.0.jar
7f8951a3e000-7f8951a40000 r-xp 00000000 08:01 658954                     /opt/maven/apache-maven-3.5.0/lib/jansi-native/linux64/libjansi.so
7f8951a40000-7f8951c3f000 ---p 00002000 08:01 658954                     /opt/maven/apache-maven-3.5.0/lib/jansi-native/linux64/libjansi.so
7f8951c3f000-7f8951c40000 rw-p 00001000 08:01 658954                     /opt/maven/apache-maven-3.5.0/lib/jansi-native/linux64/libjansi.so
7f8951c40000-7f8951c46000 r--s 0002d000 08:01 658980                     /opt/maven/apache-maven-3.5.0/lib/org.eclipse.sisu.plexus-0.3.3.jar
7f8951c46000-7f8951c47000 r--s 0000a000 08:01 658978                     /opt/maven/apache-maven-3.5.0/lib/maven-settings-3.5.0.jar
7f8951c47000-7f8951c48000 r--s 00004000 08:01 658976                     /opt/maven/apache-maven-3.5.0/lib/maven-slf4j-provider-3.5.0.jar
7f8951c48000-7f8951c4f000 r--s 00056000 08:01 658973                     /opt/maven/apache-maven-3.5.0/lib/org.eclipse.sisu.inject-0.3.3.jar
7f8951c4f000-7f8951c51000 r--s 00007000 08:01 658967                     /opt/maven/apache-maven-3.5.0/lib/maven-resolver-spi-1.0.3.jar
7f8951c51000-7f8951c5a000 r--s 0005f000 08:01 658964                     /opt/maven/apache-maven-3.5.0/lib/guice-4.0-no_aop.jar
7f8951c5a000-7f8951c89000 r--s 00226000 08:01 658961                     /opt/maven/apache-maven-3.5.0/lib/guava-20.0.jar
7f8951c89000-7f8951c8c000 r--s 00026000 08:01 658960                     /opt/maven/apache-maven-3.5.0/lib/maven-model-3.5.0.jar
7f8951c8c000-7f8951c8e000 r--s 00003000 08:01 658947                     /opt/maven/apache-maven-3.5.0/lib/jcl-over-slf4j-1.7.22.jar
7f8951c8e000-7f8951c90000 r--s 0000a000 08:01 658946                     /opt/maven/apache-maven-3.5.0/lib/maven-plugin-api-3.5.0.jar
7f8951c90000-7f8951c91000 r--s 00006000 08:01 658945                     /opt/maven/apache-maven-3.5.0/lib/maven-repository-metadata-3.5.0.jar
7f8951c91000-7f8951c94000 r--s 00023000 08:01 658942                     /opt/maven/apache-maven-3.5.0/lib/jansi-1.13.jar
7f8951c94000-7f8951c96000 r--s 00000000 08:01 658941                     /opt/maven/apache-maven-3.5.0/lib/plexus-component-annotations-1.7.1.jar
7f8951c96000-7f8951ca3000 r--s 0008c000 08:01 658939                     /opt/maven/apache-maven-3.5.0/lib/maven-core-3.5.0.jar
7f8951ca3000-7f8951ca6000 r--s 00011000 08:01 658938                     /opt/maven/apache-maven-3.5.0/lib/plexus-interpolation-1.24.jar
7f8951ca6000-7f8951ca7000 r--s 00002000 08:01 658935                     /opt/maven/apache-maven-3.5.0/lib/wagon-file-2.12.jar
7f8951ca7000-7f8951cab000 r--s 00020000 08:01 658934                     /opt/maven/apache-maven-3.5.0/lib/maven-resolver-api-1.0.3.jar
7f8951cab000-7f8951d41000 r--s 0110a000 08:01 826667                     /usr/lib/jvm/jdk1.8.0_161/jre/lib/ext/jfxrt.jar
7f8951d41000-7f8951d42000 ---p 00000000 00:00 0 
7f8951d42000-7f8951e42000 rw-p 00000000 00:00 0 
7f8951e42000-7f8951e45000 ---p 00000000 00:00 0 
7f8951e45000-7f8951f43000 rw-p 00000000 00:00 0 
7f8951f43000-7f8951f46000 ---p 00000000 00:00 0 
7f8951f46000-7f8952044000 rw-p 00000000 00:00 0 
7f8952044000-7f8952047000 ---p 00000000 00:00 0 
7f8952047000-7f8952145000 rw-p 00000000 00:00 0 
7f8952145000-7f8952148000 ---p 00000000 00:00 0 
7f8952148000-7f8952246000 rw-p 00000000 00:00 0 
7f8952246000-7f8952928000 r--p 00000000 08:01 794854                     /usr/lib/locale/locale-archive
7f8952928000-7f895292b000 ---p 00000000 00:00 0 
7f895292b000-7f8952a29000 rw-p 00000000 00:00 0 
7f8952a29000-7f8952a2c000 ---p 00000000 00:00 0 
7f8952a2c000-7f8952b2a000 rw-p 00000000 00:00 0 
7f8952b2a000-7f8952b2b000 ---p 00000000 00:00 0 
7f8952b2b000-7f8955000000 rw-p 00000000 00:00 0 
7f8955000000-7f8956b10000 rwxp 00000000 00:00 0 
7f8956b10000-7f8964000000 ---p 00000000 00:00 0 
7f8964000000-7f89660da000 rw-p 00000000 00:00 0 
7f89660da000-7f8968000000 ---p 00000000 00:00 0 
7f8968000000-7f8968002000 r--s 0000c000 08:01 658933                     /opt/maven/apache-maven-3.5.0/lib/wagon-provider-api-2.12.jar
7f8968002000-7f896802e000 r--s 001e6000 08:01 658932                     /opt/maven/apache-maven-3.5.0/lib/wagon-http-2.12-shaded.jar
7f896802e000-7f8968030000 r--s 00009000 08:01 658931                     /opt/maven/apache-maven-3.5.0/lib/slf4j-api-1.7.22.jar
7f8968030000-7f8968032000 r--s 00000000 08:01 658930                     /opt/maven/apache-maven-3.5.0/lib/aopalliance-1.0.jar
7f8968032000-7f8968034000 r--s 0000c000 08:01 658926                     /opt/maven/apache-maven-3.5.0/lib/commons-cli-1.4.jar
7f8968034000-7f8968036000 r--s 00009000 08:01 658924                     /opt/maven/apache-maven-3.5.0/lib/maven-settings-builder-3.5.0.jar
7f8968036000-7f8968038000 r--s 00006000 08:01 658921                     /opt/maven/apache-maven-3.5.0/lib/maven-resolver-transport-wagon-1.0.3.jar
7f8968038000-7f896803d000 r--s 00027000 08:01 658918                     /opt/maven/apache-maven-3.5.0/lib/maven-model-builder-3.5.0.jar
7f896803d000-7f8968044000 r--s 00041000 08:01 658917                     /opt/maven/apache-maven-3.5.0/lib/maven-compat-3.5.0.jar
7f8968044000-7f8968046000 r--s 00002000 08:01 658913                     /opt/maven/apache-maven-3.5.0/lib/plexus-cipher-1.7.jar
7f8968046000-7f8968048000 r--s 00009000 08:01 658912                     /opt/maven/apache-maven-3.5.0/lib/maven-resolver-connector-basic-1.0.3.jar
7f8968048000-7f896804c000 r--s 0002f000 08:01 658910                     /opt/maven/apache-maven-3.5.0/lib/commons-io-2.5.jar
7f896804c000-7f8968050000 r--s 0002a000 08:01 658906                     /opt/maven/apache-maven-3.5.0/lib/maven-resolver-impl-1.0.3.jar
7f8968050000-7f89684c4000 rw-p 00000000 00:00 0 
7f89684c4000-7f896869d000 r--s 03d64000 08:01 826605                     /usr/lib/jvm/jdk1.8.0_161/jre/lib/rt.jar
7f896869d000-7f8969100000 rw-p 00000000 00:00 0 
7f8969100000-7f8969101000 ---p 00000000 00:00 0 
7f8969101000-7f8969201000 rw-p 00000000 00:00 0 
7f8969201000-7f8969202000 ---p 00000000 00:00 0 
7f8969202000-7f896932b000 rw-p 00000000 00:00 0 
7f896932b000-7f896944b000 ---p 00000000 00:00 0 
7f896944b000-7f8969474000 rw-p 00000000 00:00 0 
7f8969474000-7f8969593000 ---p 00000000 00:00 0 
7f8969593000-7f8969638000 rw-p 00000000 00:00 0 
7f8969638000-7f89696a6000 rw-p 00000000 00:00 0 
7f89696a6000-7f89699f9000 ---p 00000000 00:00 0 
7f89699f9000-7f8969a14000 r-xp 00000000 08:01 957264                     /usr/lib/jvm/jdk1.8.0_161/jre/lib/amd64/libzip.so
7f8969a14000-7f8969c14000 ---p 0001b000 08:01 957264                     /usr/lib/jvm/jdk1.8.0_161/jre/lib/amd64/libzip.so
7f8969c14000-7f8969c15000 rw-p 0001b000 08:01 957264                     /usr/lib/jvm/jdk1.8.0_161/jre/lib/amd64/libzip.so
7f8969c15000-7f8969c1f000 r-xp 00000000 08:01 398193                     /lib/x86_64-linux-gnu/libnss_files-2.19.so
7f8969c1f000-7f8969e1e000 ---p 0000a000 08:01 398193                     /lib/x86_64-linux-gnu/libnss_files-2.19.so
7f8969e1e000-7f8969e1f000 r--p 00009000 08:01 398193                     /lib/x86_64-linux-gnu/libnss_files-2.19.so
7f8969e1f000-7f8969e20000 rw-p 0000a000 08:01 398193                     /lib/x86_64-linux-gnu/libnss_files-2.19.so
7f8969e20000-7f8969e2b000 r-xp 00000000 08:01 398181                     /lib/x86_64-linux-gnu/libnss_nis-2.19.so
7f8969e2b000-7f896a02a000 ---p 0000b000 08:01 398181                     /lib/x86_64-linux-gnu/libnss_nis-2.19.so
7f896a02a000-7f896a02b000 r--p 0000a000 08:01 398181                     /lib/x86_64-linux-gnu/libnss_nis-2.19.so
7f896a02b000-7f896a02c000 rw-p 0000b000 08:01 398181                     /lib/x86_64-linux-gnu/libnss_nis-2.19.so
7f896a02c000-7f896a043000 r-xp 00000000 08:01 398197                     /lib/x86_64-linux-gnu/libnsl-2.19.so
7f896a043000-7f896a242000 ---p 00017000 08:01 398197                     /lib/x86_64-linux-gnu/libnsl-2.19.so
7f896a242000-7f896a243000 r--p 00016000 08:01 398197                     /lib/x86_64-linux-gnu/libnsl-2.19.so
7f896a243000-7f896a244000 rw-p 00017000 08:01 398197                     /lib/x86_64-linux-gnu/libnsl-2.19.so
7f896a244000-7f896a246000 rw-p 00000000 00:00 0 
7f896a246000-7f896a24f000 r-xp 00000000 08:01 398196                     /lib/x86_64-linux-gnu/libnss_compat-2.19.so
7f896a24f000-7f896a44e000 ---p 00009000 08:01 398196                     /lib/x86_64-linux-gnu/libnss_compat-2.19.so
7f896a44e000-7f896a44f000 r--p 00008000 08:01 398196                     /lib/x86_64-linux-gnu/libnss_compat-2.19.so
7f896a44f000-7f896a450000 rw-p 00009000 08:01 398196                     /lib/x86_64-linux-gnu/libnss_compat-2.19.so
7f896a450000-7f896a47b000 r-xp 00000000 08:01 957258                     /usr/lib/jvm/jdk1.8.0_161/jre/lib/amd64/libjava.so
7f896a47b000-7f896a67a000 ---p 0002b000 08:01 957258                     /usr/lib/jvm/jdk1.8.0_161/jre/lib/amd64/libjava.so
7f896a67a000-7f896a67c000 rw-p 0002a000 08:01 957258                     /usr/lib/jvm/jdk1.8.0_161/jre/lib/amd64/libjava.so
7f896a67c000-7f896a689000 r-xp 00000000 08:01 957263                     /usr/lib/jvm/jdk1.8.0_161/jre/lib/amd64/libverify.so
7f896a689000-7f896a889000 ---p 0000d000 08:01 957263                     /usr/lib/jvm/jdk1.8.0_161/jre/lib/amd64/libverify.so
7f896a889000-7f896a88b000 rw-p 0000d000 08:01 957263                     /usr/lib/jvm/jdk1.8.0_161/jre/lib/amd64/libverify.so
7f896a88b000-7f896a892000 r-xp 00000000 08:01 398194                     /lib/x86_64-linux-gnu/librt-2.19.so
7f896a892000-7f896aa91000 ---p 00007000 08:01 398194                     /lib/x86_64-linux-gnu/librt-2.19.so
7f896aa91000-7f896aa92000 r--p 00006000 08:01 398194                     /lib/x86_64-linux-gnu/librt-2.19.so
7f896aa92000-7f896aa93000 rw-p 00007000 08:01 398194                     /lib/x86_64-linux-gnu/librt-2.19.so
7f896aa93000-7f896ab98000 r-xp 00000000 08:01 398179                     /lib/x86_64-linux-gnu/libm-2.19.so
7f896ab98000-7f896ad97000 ---p 00105000 08:01 398179                     /lib/x86_64-linux-gnu/libm-2.19.so
7f896ad97000-7f896ad98000 r--p 00104000 08:01 398179                     /lib/x86_64-linux-gnu/libm-2.19.so
7f896ad98000-7f896ad99000 rw-p 00105000 08:01 398179                     /lib/x86_64-linux-gnu/libm-2.19.so
7f896ad99000-7f896ba72000 r-xp 00000000 08:01 957241                     /usr/lib/jvm/jdk1.8.0_161/jre/lib/amd64/server/libjvm.so
7f896ba72000-7f896bc71000 ---p 00cd9000 08:01 957241                     /usr/lib/jvm/jdk1.8.0_161/jre/lib/amd64/server/libjvm.so
7f896bc71000-7f896bd4a000 rw-p 00cd8000 08:01 957241                     /usr/lib/jvm/jdk1.8.0_161/jre/lib/amd64/server/libjvm.so
7f896bd4a000-7f896bd96000 rw-p 00000000 00:00 0 
7f896bd96000-7f896bf54000 r-xp 00000000 08:01 398192                     /lib/x86_64-linux-gnu/libc-2.19.so
7f896bf54000-7f896c154000 ---p 001be000 08:01 398192                     /lib/x86_64-linux-gnu/libc-2.19.so
7f896c154000-7f896c158000 r--p 001be000 08:01 398192                     /lib/x86_64-linux-gnu/libc-2.19.so
7f896c158000-7f896c15a000 rw-p 001c2000 08:01 398192                     /lib/x86_64-linux-gnu/libc-2.19.so
7f896c15a000-7f896c15f000 rw-p 00000000 00:00 0 
7f896c15f000-7f896c162000 r-xp 00000000 08:01 398183                     /lib/x86_64-linux-gnu/libdl-2.19.so
7f896c162000-7f896c361000 ---p 00003000 08:01 398183                     /lib/x86_64-linux-gnu/libdl-2.19.so
7f896c361000-7f896c362000 r--p 00002000 08:01 398183                     /lib/x86_64-linux-gnu/libdl-2.19.so
7f896c362000-7f896c363000 rw-p 00003000 08:01 398183                     /lib/x86_64-linux-gnu/libdl-2.19.so
7f896c363000-7f896c379000 r-xp 00000000 08:01 826430                     /usr/lib/jvm/jdk1.8.0_161/lib/amd64/jli/libjli.so
7f896c379000-7f896c578000 ---p 00016000 08:01 826430                     /usr/lib/jvm/jdk1.8.0_161/lib/amd64/jli/libjli.so
7f896c578000-7f896c579000 rw-p 00015000 08:01 826430                     /usr/lib/jvm/jdk1.8.0_161/lib/amd64/jli/libjli.so
7f896c579000-7f896c592000 r-xp 00000000 08:01 398169                     /lib/x86_64-linux-gnu/libpthread-2.19.so
7f896c592000-7f896c791000 ---p 00019000 08:01 398169                     /lib/x86_64-linux-gnu/libpthread-2.19.so
7f896c791000-7f896c792000 r--p 00018000 08:01 398169                     /lib/x86_64-linux-gnu/libpthread-2.19.so
7f896c792000-7f896c793000 rw-p 00019000 08:01 398169                     /lib/x86_64-linux-gnu/libpthread-2.19.so
7f896c793000-7f896c797000 rw-p 00000000 00:00 0 
7f896c797000-7f896c7ba000 r-xp 00000000 08:01 398189                     /lib/x86_64-linux-gnu/ld-2.19.so
7f896c7ba000-7f896c7bb000 r--s 00000000 08:01 658925                     /opt/maven/apache-maven-3.5.0/lib/javax.inject-1.jar
7f896c7bb000-7f896c7bc000 r--s 00001000 08:01 658908                     /opt/maven/apache-maven-3.5.0/lib/jsr250-api-1.0.jar
7f896c7bc000-7f896c7c0000 r--s 00039000 08:01 658905                     /opt/maven/apache-maven-3.5.0/lib/plexus-utils-3.0.24.jar
7f896c7c0000-7f896c899000 rw-p 00000000 00:00 0 
7f896c899000-7f896c89c000 ---p 00000000 00:00 0 
7f896c89c000-7f896c99f000 rw-p 00000000 00:00 0 
7f896c99f000-7f896c9a1000 r--s 0000f000 08:01 658904                     /opt/maven/apache-maven-3.5.0/lib/maven-resolver-provider-3.5.0.jar
7f896c9a1000-7f896c9a5000 r--s 00023000 08:01 658902                     /opt/maven/apache-maven-3.5.0/lib/maven-resolver-util-1.0.3.jar
7f896c9a5000-7f896c9a6000 r--s 00006000 08:01 658898                     /opt/maven/apache-maven-3.5.0/lib/plexus-sec-dispatcher-1.4.jar
7f896c9a6000-7f896c9a7000 r--s 00003000 08:01 658897                     /opt/maven/apache-maven-3.5.0/lib/maven-builder-support-3.5.0.jar
7f896c9a7000-7f896c9aa000 r--s 00025000 08:01 658896                     /opt/maven/apache-maven-3.5.0/lib/maven-shared-utils-3.1.0.jar
7f896c9aa000-7f896c9ad000 r--s 00015000 08:01 658895                     /opt/maven/apache-maven-3.5.0/lib/maven-embedder-3.5.0.jar
7f896c9ad000-7f896c9af000 r--s 0000b000 08:01 658989                     /opt/maven/apache-maven-3.5.0/boot/plexus-classworlds-2.5.2.jar
7f896c9af000-7f896c9b7000 rw-s 00000000 08:01 1232655                    /tmp/hsperfdata_uptech/3904
7f896c9b7000-7f896c9b8000 rw-p 00000000 00:00 0 
7f896c9b8000-7f896c9b9000 ---p 00000000 00:00 0 
7f896c9b9000-7f896c9ba000 r--p 00022000 08:01 398189                     /lib/x86_64-linux-gnu/ld-2.19.so
7f896c9ba000-7f896c9bb000 rw-p 00023000 08:01 398189                     /lib/x86_64-linux-gnu/ld-2.19.so
7f896c9bb000-7f896c9bc000 rw-p 00000000 00:00 0 
7ffdcee5e000-7ffdcee83000 rw-p 00000000 00:00 0                          [stack]
7ffdcef98000-7ffdcef9a000 r--p 00000000 00:00 0                          [vvar]
7ffdcef9a000-7ffdcef9c000 r-xp 00000000 00:00 0                          [vdso]
ffffffffff600000-ffffffffff601000 r-xp 00000000 00:00 0                  [vsyscall]

VM Arguments:
jvm_args: -Dclassworlds.conf=/opt/maven/apache-maven-3.5.0/bin/m2.conf -Dmaven.home=/opt/maven/apache-maven-3.5.0 -Dmaven.multiModuleProjectDirectory=/home/uptech/batfish-ab/projects 
java_command: org.codehaus.plexus.classworlds.launcher.Launcher install
java_class_path (initial): /opt/maven/apache-maven-3.5.0/boot/plexus-classworlds-2.5.2.jar
Launcher Type: SUN_STANDARD

Environment Variables:
JAVA_HOME=/usr/lib/jvm/jdk1.8.0_161
JRE_HOME=JAVAHOME/jreexportCLASSPATH=.:{JAVA_HOME}/lib:JREHOME/libexportPATH={JAVA_HOME}/bin:/home/uptech/anaconda3/bin:/home/uptech/anaconda3/condabin:/usr/lib/jvm/jdk1.8.0_161/bin:/usr/lib/jvm/jdk1.8.0_161/jre/bin:/usr/local/sbin:/usr/local/bin:/usr/sbin:/usr/bin:/sbin:/bin:/usr/games:/usr/local/games:/opt/maven/apache-maven-3.5.0/bin
CLASSPATH=:/opt/maven/apache-maven-3.5.0/lib:.:/usr/lib/jvm/jdk1.8.0_161/lib:/usr/lib/jvm/jdk1.8.0_161/jre/lib
PATH=opt/maven/apache-maven-3.5.0/bin:/home/uptech/anaconda3/bin:/home/uptech/anaconda3/condabin:/usr/lib/jvm/jdk1.8.0_161/bin:/usr/lib/jvm/jdk1.8.0_161/jre/bin:/usr/local/sbin:/usr/local/bin:/usr/sbin:/usr/bin:/sbin:/bin:/usr/games:/usr/local/games:/opt/maven/apache-maven-3.5.0/bin
SHELL=/bin/bash
DISPLAY=:0.0

Signal Handlers:
SIGSEGV: [libjvm.so+0xad01e0], sa_mask[0]=11111111011111111101111111111110, sa_flags=SA_RESTART|SA_SIGINFO
SIGBUS: [libjvm.so+0xad01e0], sa_mask[0]=11111111011111111101111111111110, sa_flags=SA_RESTART|SA_SIGINFO
SIGFPE: [libjvm.so+0x927fb0], sa_mask[0]=11111111011111111101111111111110, sa_flags=SA_RESTART|SA_SIGINFO
SIGPIPE: [libjvm.so+0x927fb0], sa_mask[0]=11111111011111111101111111111110, sa_flags=SA_RESTART|SA_SIGINFO
SIGXFSZ: [libjvm.so+0x927fb0], sa_mask[0]=11111111011111111101111111111110, sa_flags=SA_RESTART|SA_SIGINFO
SIGILL: [libjvm.so+0x927fb0], sa_mask[0]=11111111011111111101111111111110, sa_flags=SA_RESTART|SA_SIGINFO
SIGUSR1: SIG_DFL, sa_mask[0]=00000000000000000000000000000000, sa_flags=none
SIGUSR2: [libjvm.so+0x9297f0], sa_mask[0]=00000000000000000000000000000000, sa_flags=SA_RESTART|SA_SIGINFO
SIGHUP: [libjvm.so+0x92abf0], sa_mask[0]=11111111011111111101111111111110, sa_flags=SA_RESTART|SA_SIGINFO
SIGINT: [libjvm.so+0x92abf0], sa_mask[0]=11111111011111111101111111111110, sa_flags=SA_RESTART|SA_SIGINFO
SIGTERM: [libjvm.so+0x92abf0], sa_mask[0]=11111111011111111101111111111110, sa_flags=SA_RESTART|SA_SIGINFO
SIGQUIT: [libjvm.so+0x92abf0], sa_mask[0]=11111111011111111101111111111110, sa_flags=SA_RESTART|SA_SIGINFO


---------------  S Y S T E M  ---------------

OS:DISTRIB_ID=Ubuntu
DISTRIB_RELEASE=14.04
DISTRIB_CODENAME=trusty
DISTRIB_DESCRIPTION="Ubuntu 14.04.6 LTS"

uname:Linux 3.19.0-80-generic #88~14.04.1-Ubuntu SMP Fri Jan 13 14:54:07 UTC 2017 x86_64
libc:glibc 2.19 NPTL 2.19 
rlimit: STACK 8192k, CORE 0k, NPROC 15658, NOFILE 4096, AS infinity
load average:0.96 0.57 0.37

/proc/meminfo:
MemTotal:        4030636 kB
MemFree:          113956 kB
MemAvailable:      54780 kB
Buffers:             752 kB
Cached:            33948 kB
SwapCached:            0 kB
Active:          3483852 kB
Inactive:          25980 kB
Active(anon):    3476600 kB
Inactive(anon):    15768 kB
Active(file):       7252 kB
Inactive(file):    10212 kB
Unevictable:          32 kB
Mlocked:              32 kB
SwapTotal:             0 kB
SwapFree:              0 kB
Dirty:                12 kB
Writeback:             0 kB
AnonPages:       3475308 kB
Mapped:            25652 kB
Shmem:             17092 kB
Slab:              78264 kB
SReclaimable:      33116 kB
SUnreclaim:        45148 kB
KernelStack:       11712 kB
PageTables:        37960 kB
NFS_Unstable:          0 kB
Bounce:                0 kB
WritebackTmp:          0 kB
CommitLimit:     2015316 kB
Committed_AS:    5923524 kB
VmallocTotal:   34359738367 kB
VmallocUsed:      177276 kB
VmallocChunk:   34359518552 kB
HardwareCorrupted:     0 kB
AnonHugePages:   1900544 kB
CmaTotal:              0 kB
CmaFree:               0 kB
HugePages_Total:       0
HugePages_Free:        0
HugePages_Rsvd:        0
HugePages_Surp:        0
Hugepagesize:       2048 kB
DirectMap4k:       98112 kB
DirectMap2M:     3047424 kB
DirectMap1G:     3145728 kB


CPU:total 2 (initial active 2) (1 cores per cpu, 1 threads per core) family 6 model 158 stepping 10, cmov, cx8, fxsr, mmx, sse, sse2, sse3, ssse3, sse4.1, sse4.2, popcnt, avx, avx2, aes, clmul, erms, 3dnowpref, lzcnt, tsc, tscinvbit, bmi1, bmi2, adx

/proc/cpuinfo:
processor	: 0
vendor_id	: GenuineIntel
cpu family	: 6
model		: 158
model name	: Intel(R) Core(TM) i5-9300H CPU @ 2.40GHz
stepping	: 10
microcode	: 0xb4
cpu MHz		: 2399.998
cache size	: 8192 KB
physical id	: 0
siblings	: 1
core id		: 0
cpu cores	: 1
apicid		: 0
initial apicid	: 0
fpu		: yes
fpu_exception	: yes
cpuid level	: 22
wp		: yes
flags		: fpu vme de pse tsc msr pae mce cx8 apic sep mtrr pge mca cmov pat pse36 clflush mmx fxsr sse sse2 ss syscall nx pdpe1gb rdtscp lm constant_tsc arch_perfmon nopl xtopology tsc_reliable nonstop_tsc eagerfpu pni pclmulqdq ssse3 fma cx16 pcid sse4_1 sse4_2 x2apic movbe popcnt tsc_deadline_timer aes xsave avx f16c rdrand hypervisor lahf_lm abm 3dnowprefetch arat fsgsbase tsc_adjust bmi1 avx2 smep bmi2 invpcid rdseed adx smap clflushopt xsaveopt xsavec xgetbv1
bugs		:
bogomips	: 4799.99
clflush size	: 64
cache_alignment	: 64
address sizes	: 45 bits physical, 48 bits virtual
power management:

processor	: 1
vendor_id	: GenuineIntel
cpu family	: 6
model		: 158
model name	: Intel(R) Core(TM) i5-9300H CPU @ 2.40GHz
stepping	: 10
microcode	: 0xb4
cpu MHz		: 2399.998
cache size	: 8192 KB
physical id	: 2
siblings	: 1
core id		: 0
cpu cores	: 1
apicid		: 2
initial apicid	: 2
fpu		: yes
fpu_exception	: yes
cpuid level	: 22
wp		: yes
flags		: fpu vme de pse tsc msr pae mce cx8 apic sep mtrr pge mca cmov pat pse36 clflush mmx fxsr sse sse2 ss syscall nx pdpe1gb rdtscp lm constant_tsc arch_perfmon nopl xtopology tsc_reliable nonstop_tsc eagerfpu pni pclmulqdq ssse3 fma cx16 pcid sse4_1 sse4_2 x2apic movbe popcnt tsc_deadline_timer aes xsave avx f16c rdrand hypervisor lahf_lm abm 3dnowprefetch arat fsgsbase tsc_adjust bmi1 avx2 smep bmi2 invpcid rdseed adx smap clflushopt xsaveopt xsavec xgetbv1
bugs		:
bogomips	: 4799.99
clflush size	: 64
cache_alignment	: 64
address sizes	: 45 bits physical, 48 bits virtual
power management:



Memory: 4k page, physical 4030636k(113832k free), swap 0k(0k free)

vm_info: Java HotSpot(TM) 64-Bit Server VM (25.161-b12) for linux-amd64 JRE (1.8.0_161-b12), built on Dec 19 2017 16:12:43 by "java_re" with gcc 4.3.0 20080428 (Red Hat 4.3.0-8)

time: Sun Nov 27 17:02:38 2022
elapsed time: 288 seconds (0d 0h 4m 48s)

