#
# There is insufficient memory for the Java Runtime Environment to continue.
# Native memory allocation (mmap) failed to map 49283072 bytes for committing reserved memory.
# Possible reasons:
#   The system is out of physical RAM or swap space
#   In 32 bit mode, the process size limit was hit
# Possible solutions:
#   Reduce memory load on the system
#   Increase physical memory or swap space
#   Check if swap backing store is full
#   Use 64 bit Java on a 64 bit OS
#   Decrease Java heap size (-Xmx/-Xms)
#   Decrease number of Java threads
#   Decrease Java thread stack sizes (-Xss)
#   Set larger code cache with -XX:ReservedCodeCacheSize=
# This output file may be truncated or incomplete.
#
#  Out of Memory Error (os_linux.cpp:2640), pid=14088, tid=0x00007fd2fb1f9700
#
# JRE version: Java(TM) SE Runtime Environment (8.0_161-b12) (build 1.8.0_161-b12)
# Java VM: Java HotSpot(TM) 64-Bit Server VM (25.161-b12 mixed mode linux-amd64 compressed oops)
# Failed to write core dump. Core dumps have been disabled. To enable core dumping, try "ulimit -c unlimited" before starting Java again
#

---------------  T H R E A D  ---------------

Current thread (0x00007fd314101800):  VMThread [stack: 0x00007fd2fb0f9000,0x00007fd2fb1fa000] [id=14099]

Stack: [0x00007fd2fb0f9000,0x00007fd2fb1fa000],  sp=0x00007fd2fb1f8260,  free space=1020k
Native frames: (J=compiled Java code, j=interpreted, Vv=VM code, C=native code)
V  [libjvm.so+0xacf94a]  VMError::report_and_die()+0x2ba
V  [libjvm.so+0x50050b]  report_vm_out_of_memory(char const*, int, unsigned long, VMErrorType, char const*)+0x8b
V  [libjvm.so+0x92b133]  os::Linux::commit_memory_impl(char*, unsigned long, bool)+0x103
V  [libjvm.so+0x92b5c9]  os::pd_commit_memory(char*, unsigned long, unsigned long, bool)+0x29
V  [libjvm.so+0x924c0a]  os::commit_memory(char*, unsigned long, unsigned long, bool)+0x2a
V  [libjvm.so+0x99ab53]  PSVirtualSpace::expand_by(unsigned long)+0x53
V  [libjvm.so+0x98b410]  PSOldGen::expand(unsigned long)+0x170
V  [libjvm.so+0x98b61b]  PSOldGen::resize(unsigned long)+0x1cb
V  [libjvm.so+0x993321]  PSParallelCompact::invoke_no_policy(bool)+0x991
V  [libjvm.so+0x998c7d]  PSScavenge::invoke()+0x1ad
V  [libjvm.so+0x94f5a0]  ParallelScavengeHeap::failed_mem_allocate(unsigned long)+0x70
V  [libjvm.so+0xad13c7]  VM_ParallelGCFailedAllocation::doit()+0x97
V  [libjvm.so+0xad8ed5]  VM_Operation::evaluate()+0x55
V  [libjvm.so+0xad729a]  VMThread::evaluate_operation(VM_Operation*)+0xba
V  [libjvm.so+0xad761e]  VMThread::loop()+0x1ce
V  [libjvm.so+0xad7a90]  VMThread::run()+0x70
V  [libjvm.so+0x92da28]  java_start(Thread*)+0x108

VM_Operation (0x00007fd31b7c9c90): ParallelGCFailedAllocation, mode: safepoint, requested by thread 0x00007fd314010800


---------------  P R O C E S S  ---------------

Java Threads: ( => current thread )
  0x00007fd2d817d800 JavaThread "Thread-14" [_thread_blocked, id=14185, stack(0x00007fd2c1ae3000,0x00007fd2c1be4000)]
  0x00007fd2f4015800 JavaThread "Thread-13" [_thread_blocked, id=14184, stack(0x00007fd2c1ce5000,0x00007fd2c1de6000)]
  0x00007fd2c81df800 JavaThread "grizzly-http-server-3" [_thread_blocked, id=14161, stack(0x00007fd2c25e8000,0x00007fd2c26e9000)]
  0x00007fd2c81dd800 JavaThread "grizzly-http-server-2" [_thread_blocked, id=14160, stack(0x00007fd2c26e9000,0x00007fd2c27ea000)]
  0x00007fd2c81db800 JavaThread "grizzly-http-server-1" [_thread_blocked, id=14159, stack(0x00007fd2c27ea000,0x00007fd2c28eb000)]
  0x00007fd2c81d9800 JavaThread "grizzly-http-server-0" [_thread_blocked, id=14158, stack(0x00007fd2c28eb000,0x00007fd2c29ec000)]
  0x00007fd2c81d7800 JavaThread "grizzly-nio-kernel(3) SelectorRunner" daemon [_thread_in_native, id=14157, stack(0x00007fd2c29ec000,0x00007fd2c2aed000)]
  0x00007fd2c81d5800 JavaThread "grizzly-nio-kernel(2) SelectorRunner" daemon [_thread_in_native, id=14156, stack(0x00007fd2c2aed000,0x00007fd2c2bee000)]
  0x00007fd2c81d4000 JavaThread "grizzly-nio-kernel(1) SelectorRunner" daemon [_thread_in_native, id=14155, stack(0x00007fd2c2bee000,0x00007fd2c2cef000)]
  0x00007fd2c81cc000 JavaThread "HttpServer-3-0" daemon [_thread_blocked, id=14154, stack(0x00007fd2c2cef000,0x00007fd2c2df0000)]
  0x00007fd2c8192000 JavaThread "grizzly-http-server-3" [_thread_blocked, id=14153, stack(0x00007fd2c2df0000,0x00007fd2c2ef1000)]
  0x00007fd2c8190800 JavaThread "grizzly-http-server-2" [_thread_blocked, id=14152, stack(0x00007fd2c2ef1000,0x00007fd2c2ff2000)]
  0x00007fd2c818e800 JavaThread "grizzly-http-server-1" [_thread_blocked, id=14151, stack(0x00007fd2c2ff2000,0x00007fd2c30f3000)]
  0x00007fd2c818d000 JavaThread "grizzly-http-server-0" [_thread_blocked, id=14150, stack(0x00007fd2c30f3000,0x00007fd2c31f4000)]
  0x00007fd2c8188000 JavaThread "grizzly-nio-kernel(3) SelectorRunner" daemon [_thread_in_native, id=14149, stack(0x00007fd2c31f4000,0x00007fd2c32f5000)]
  0x00007fd2c8186800 JavaThread "grizzly-nio-kernel(2) SelectorRunner" daemon [_thread_blocked, id=14148, stack(0x00007fd2c32f5000,0x00007fd2c33f6000)]
  0x00007fd2c8183000 JavaThread "grizzly-nio-kernel(1) SelectorRunner" daemon [_thread_in_native, id=14147, stack(0x00007fd2c33f6000,0x00007fd2c34f7000)]
  0x00007fd2c8182800 JavaThread "HttpServer-2-0" daemon [_thread_blocked, id=14146, stack(0x00007fd2c35f8000,0x00007fd2c36f9000)]
  0x0000000001f73000 JavaThread "Keep-Alive-Timer" daemon [_thread_blocked, id=14145, stack(0x00007fd2c34f7000,0x00007fd2c35f8000)]
  0x00007fd2c817d800 JavaThread "pool-6-thread-1" [_thread_blocked, id=14143, stack(0x00007fd2c38f9000,0x00007fd2c39fa000)]
  0x00007fd2c8164000 JavaThread "pool-5-thread-1" [_thread_blocked, id=14142, stack(0x00007fd2c39fa000,0x00007fd2c3afb000)]
  0x0000000001f2d000 JavaThread "grizzly-http-server-3" [_thread_blocked, id=14141, stack(0x00007fd2c3afb000,0x00007fd2c3bfc000)]
  0x0000000001f2b000 JavaThread "grizzly-http-server-2" [_thread_blocked, id=14140, stack(0x00007fd2c3bfc000,0x00007fd2c3cfd000)]
  0x0000000001f29800 JavaThread "grizzly-http-server-1" [_thread_blocked, id=14139, stack(0x00007fd2c3cfd000,0x00007fd2c3dfe000)]
  0x0000000001f27800 JavaThread "grizzly-http-server-0" [_thread_blocked, id=14138, stack(0x00007fd2c3dfe000,0x00007fd2c3eff000)]
  0x00007fd2c8139000 JavaThread "grizzly-http-server-3" [_thread_blocked, id=14136, stack(0x00007fd2c3eff000,0x00007fd2c4000000)]
  0x00007fd2c8137000 JavaThread "grizzly-http-server-2" [_thread_blocked, id=14135, stack(0x00007fd2f80d2000,0x00007fd2f81d3000)]
  0x00007fd2c8135000 JavaThread "grizzly-http-server-1" [_thread_blocked, id=14134, stack(0x00007fd2f81d3000,0x00007fd2f82d4000)]
  0x00007fd2c8133000 JavaThread "grizzly-http-server-0" [_thread_blocked, id=14133, stack(0x00007fd2f82d4000,0x00007fd2f83d5000)]
  0x00007fd2c8131800 JavaThread "grizzly-nio-kernel(3) SelectorRunner" daemon [_thread_in_native, id=14132, stack(0x00007fd2f83d5000,0x00007fd2f84d6000)]
  0x00007fd2c8130000 JavaThread "grizzly-nio-kernel(2) SelectorRunner" daemon [_thread_in_native, id=14131, stack(0x00007fd2f84d6000,0x00007fd2f85d7000)]
  0x0000000001f25800 JavaThread "grizzly-nio-kernel(3) SelectorRunner" daemon [_thread_in_native, id=14130, stack(0x00007fd2f85d7000,0x00007fd2f86d8000)]
  0x0000000001f24000 JavaThread "grizzly-nio-kernel(2) SelectorRunner" daemon [_thread_in_native, id=14129, stack(0x00007fd2f86d8000,0x00007fd2f87d9000)]
  0x0000000001f22000 JavaThread "grizzly-nio-kernel(1) SelectorRunner" daemon [_thread_in_native, id=14128, stack(0x00007fd2f87d9000,0x00007fd2f88da000)]
  0x00007fd2c812e000 JavaThread "grizzly-nio-kernel(1) SelectorRunner" daemon [_thread_in_native, id=14127, stack(0x00007fd2f88da000,0x00007fd2f89db000)]
  0x0000000001f10000 JavaThread "HttpServer-1-0" daemon [_thread_blocked, id=14126, stack(0x00007fd2f8bdb000,0x00007fd2f8cdc000)]
  0x00007fd2c80ec800 JavaThread "HttpServer-0" daemon [_thread_blocked, id=14125, stack(0x00007fd2f8cdc000,0x00007fd2f8ddd000)]
  0x00007fd314774800 JavaThread "batfishThread" [_thread_blocked, id=14121, stack(0x00007fd2f960a000,0x00007fd2f970b000)]
  0x00007fd314773800 JavaThread "coordinatorThread" [_thread_blocked, id=14120, stack(0x00007fd2f970b000,0x00007fd2f980c000)]
  0x00007fd2e8001000 JavaThread "Attach Listener" daemon [_thread_blocked, id=14115, stack(0x00007fd2f9c57000,0x00007fd2f9d58000)]
  0x00007fd314597800 JavaThread "Service Thread" daemon [_thread_blocked, id=14113, stack(0x00007fd2f9e7f000,0x00007fd2f9f80000)]
  0x00007fd314582800 JavaThread "C1 CompilerThread1" daemon [_thread_blocked, id=14112, stack(0x00007fd2fa197000,0x00007fd2fa298000)]
  0x00007fd314580800 JavaThread "C2 CompilerThread0" daemon [_thread_blocked, id=14111, stack(0x00007fd2fa298000,0x00007fd2fa399000)]
  0x00007fd314576000 JavaThread "Monitor Ctrl-Break" daemon [_thread_in_native, id=14110, stack(0x00007fd2fa399000,0x00007fd2fa49a000)]
  0x00007fd314140800 JavaThread "Signal Dispatcher" daemon [_thread_blocked, id=14105, stack(0x00007fd2fa714000,0x00007fd2fa815000)]
  0x00007fd31410d800 JavaThread "Finalizer" daemon [_thread_blocked, id=14103, stack(0x00007fd2faef7000,0x00007fd2faff8000)]
  0x00007fd314109000 JavaThread "Reference Handler" daemon [_thread_blocked, id=14100, stack(0x00007fd2faff8000,0x00007fd2fb0f9000)]
  0x00007fd314010800 JavaThread "main" [_thread_blocked, id=14090, stack(0x00007fd31b6cb000,0x00007fd31b7cc000)]

Other Threads:
=>0x00007fd314101800 VMThread [stack: 0x00007fd2fb0f9000,0x00007fd2fb1fa000] [id=14099]
  0x00007fd3145a4800 WatcherThread [stack: 0x00007fd2f9d7e000,0x00007fd2f9e7f000] [id=14114]

VM state:at safepoint (normal execution)

VM Mutex/Monitor currently owned by a thread:  ([mutex/lock_event])
[0x00007fd31400c2a0] ExpandHeap_lock - owner thread: 0x00007fd314101800
[0x00007fd31400c920] Threads_lock - owner thread: 0x00007fd314101800
[0x00007fd31400ce20] Heap_lock - owner thread: 0x00007fd314010800

Heap:
 PSYoungGen      total 660992K, used 0K [0x00000000d5580000, 0x00000000ffb00000, 0x0000000100000000)
  eden space 635392K, 0% used [0x00000000d5580000,0x00000000d5580000,0x00000000fc200000)
  from space 25600K, 0% used [0x00000000fe200000,0x00000000fe200000,0x00000000ffb00000)
  to   space 29184K, 0% used [0x00000000fc200000,0x00000000fc200000,0x00000000fde80000)
 ParOldGen       total 169472K, used 119419K [0x0000000080000000, 0x000000008a580000, 0x00000000d5580000)
  object space 169472K, 70% used [0x0000000080000000,0x000000008749edc8,0x000000008a580000)
 Metaspace       used 52489K, capacity 54481K, committed 54616K, reserved 1097728K
  class space    used 6630K, capacity 7022K, committed 7040K, reserved 1048576K

Card table byte_map: [0x00007fd304bff000,0x00007fd305000000] byte_map_base: 0x00007fd3047ff000

Marking Bits: (ParMarkBitMap*) 0x00007fd31ab9a920
 Begin Bits: [0x00007fd300954000, 0x00007fd302954000)
 End Bits:   [0x00007fd302954000, 0x00007fd304954000)

Polling page: 0x00007fd31b7ea000

CodeCache: size=245760Kb used=25343Kb max_used=25350Kb free=220416Kb
 bounds [0x00007fd305000000, 0x00007fd3068f0000, 0x00007fd314000000]
 total_blobs=8934 nmethods=8435 adapters=410
 compilation: enabled

Compilation events (10 events):
Event: 184.902 Thread 0x00007fd314582800 10491       3       org.glassfish.jersey.internal.util.PropertiesHelper::getLegacyFallbackValue (67 bytes)
Event: 184.903 Thread 0x00007fd314582800 nmethod 10491 0x00007fd3068e6110 code [0x00007fd3068e6380, 0x00007fd3068e7528]
Event: 184.903 Thread 0x00007fd314582800 10490       3       org.glassfish.grizzly.http.util.DataChunk::getLength (74 bytes)
Event: 184.903 Thread 0x00007fd314582800 nmethod 10490 0x00007fd3068b81d0 code [0x00007fd3068b8360, 0x00007fd3068b8990]
Event: 185.356 Thread 0x00007fd314580800 10492       4       java.util.regex.Pattern$1::isSatisfiedBy (13 bytes)
Event: 185.357 Thread 0x00007fd314580800 nmethod 10492 0x00007fd305141a90 code [0x00007fd305141be0, 0x00007fd305141c78]
Event: 185.360 Thread 0x00007fd314582800 10493       3       com.fasterxml.jackson.core.util.DefaultPrettyPrinter::writeStartArray (29 bytes)
Event: 185.360 Thread 0x00007fd314582800 nmethod 10493 0x00007fd3068b7c10 code [0x00007fd3068b7da0, 0x00007fd3068b80d8]
Event: 185.360 Thread 0x00007fd314582800 10494       3       com.fasterxml.jackson.core.util.DefaultPrettyPrinter::writeEndArray (56 bytes)
Event: 185.361 Thread 0x00007fd314582800 nmethod 10494 0x00007fd3068b7390 code [0x00007fd3068b7540, 0x00007fd3068b7a58]

GC Heap History (10 events):
Event: 49.638 GC heap after
Heap after GC invocations=21 (full 2):
 PSYoungGen      total 498688K, used 19488K [0x00000000d5580000, 0x00000000fc280000, 0x0000000100000000)
  eden space 476672K, 0% used [0x00000000d5580000,0x00000000d5580000,0x00000000f2700000)
  from space 22016K, 88% used [0x00000000f2700000,0x00000000f3a08000,0x00000000f3c80000)
  to   space 24576K, 0% used [0x00000000faa80000,0x00000000faa80000,0x00000000fc280000)
 ParOldGen       total 77312K, used 74597K [0x0000000080000000, 0x0000000084b80000, 0x00000000d5580000)
  object space 77312K, 96% used [0x0000000080000000,0x00000000848d9710,0x0000000084b80000)
 Metaspace       used 51583K, capacity 53627K, committed 53848K, reserved 1095680K
  class space    used 6634K, capacity 7033K, committed 7040K, reserved 1048576K
}
Event: 49.638 GC heap before
{Heap before GC invocations=22 (full 3):
 PSYoungGen      total 498688K, used 19488K [0x00000000d5580000, 0x00000000fc280000, 0x0000000100000000)
  eden space 476672K, 0% used [0x00000000d5580000,0x00000000d5580000,0x00000000f2700000)
  from space 22016K, 88% used [0x00000000f2700000,0x00000000f3a08000,0x00000000f3c80000)
  to   space 24576K, 0% used [0x00000000faa80000,0x00000000faa80000,0x00000000fc280000)
 ParOldGen       total 77312K, used 74597K [0x0000000080000000, 0x0000000084b80000, 0x00000000d5580000)
  object space 77312K, 96% used [0x0000000080000000,0x00000000848d9710,0x0000000084b80000)
 Metaspace       used 51583K, capacity 53627K, committed 53848K, reserved 1095680K
  class space    used 6634K, capacity 7033K, committed 7040K, reserved 1048576K
Event: 50.014 GC heap after
Heap after GC invocations=22 (full 3):
 PSYoungGen      total 498688K, used 0K [0x00000000d5580000, 0x00000000fc280000, 0x0000000100000000)
  eden space 476672K, 0% used [0x00000000d5580000,0x00000000d5580000,0x00000000f2700000)
  from space 22016K, 0% used [0x00000000f2700000,0x00000000f2700000,0x00000000f3c80000)
  to   space 24576K, 0% used [0x00000000faa80000,0x00000000faa80000,0x00000000fc280000)
 ParOldGen       total 125952K, used 66920K [0x0000000080000000, 0x0000000087b00000, 0x00000000d5580000)
  object space 125952K, 53% used [0x0000000080000000,0x000000008415a3e0,0x0000000087b00000)
 Metaspace       used 51558K, capacity 53579K, committed 53848K, reserved 1095680K
  class space    used 6627K, capacity 7021K, committed 7040K, reserved 1048576K
}
Event: 74.163 GC heap before
{Heap before GC invocations=23 (full 3):
 PSYoungGen      total 498688K, used 476672K [0x00000000d5580000, 0x00000000fc280000, 0x0000000100000000)
  eden space 476672K, 100% used [0x00000000d5580000,0x00000000f2700000,0x00000000f2700000)
  from space 22016K, 0% used [0x00000000f2700000,0x00000000f2700000,0x00000000f3c80000)
  to   space 24576K, 0% used [0x00000000faa80000,0x00000000faa80000,0x00000000fc280000)
 ParOldGen       total 125952K, used 66920K [0x0000000080000000, 0x0000000087b00000, 0x00000000d5580000)
  object space 125952K, 53% used [0x0000000080000000,0x000000008415a3e0,0x0000000087b00000)
 Metaspace       used 51759K, capacity 53771K, committed 53848K, reserved 1095680K
  class space    used 6627K, capacity 7021K, committed 7040K, reserved 1048576K
Event: 74.203 GC heap after
Heap after GC invocations=23 (full 3):
 PSYoungGen      total 603136K, used 24571K [0x00000000d5580000, 0x00000000fcd80000, 0x0000000100000000)
  eden space 578560K, 0% used [0x00000000d5580000,0x00000000d5580000,0x00000000f8a80000)
  from space 24576K, 99% used [0x00000000faa80000,0x00000000fc27ef70,0x00000000fc280000)
  to   space 32768K, 0% used [0x00000000f8a80000,0x00000000f8a80000,0x00000000faa80000)
 ParOldGen       total 125952K, used 77688K [0x0000000080000000, 0x0000000087b00000, 0x00000000d5580000)
  object space 125952K, 61% used [0x0000000080000000,0x0000000084bde120,0x0000000087b00000)
 Metaspace       used 51759K, capacity 53771K, committed 53848K, reserved 1095680K
  class space    used 6627K, capacity 7021K, committed 7040K, reserved 1048576K
}
Event: 134.495 GC heap before
{Heap before GC invocations=24 (full 3):
 PSYoungGen      total 603136K, used 603131K [0x00000000d5580000, 0x00000000fcd80000, 0x0000000100000000)
  eden space 578560K, 100% used [0x00000000d5580000,0x00000000f8a80000,0x00000000f8a80000)
  from space 24576K, 99% used [0x00000000faa80000,0x00000000fc27ef70,0x00000000fc280000)
  to   space 32768K, 0% used [0x00000000f8a80000,0x00000000f8a80000,0x00000000faa80000)
 ParOldGen       total 125952K, used 77688K [0x0000000080000000, 0x0000000087b00000, 0x00000000d5580000)
  object space 125952K, 61% used [0x0000000080000000,0x0000000084bde120,0x0000000087b00000)
 Metaspace       used 52158K, capacity 54161K, committed 54360K, reserved 1097728K
  class space    used 6629K, capacity 7022K, committed 7040K, reserved 1048576K
Event: 134.611 GC heap after
Heap after GC invocations=24 (full 3):
 PSYoungGen      total 611328K, used 12384K [0x00000000d5580000, 0x0000000100000000, 0x0000000100000000)
  eden space 578560K, 0% used [0x00000000d5580000,0x00000000d5580000,0x00000000f8a80000)
  from space 32768K, 37% used [0x00000000f8a80000,0x00000000f9698000,0x00000000faa80000)
  to   space 30720K, 0% used [0x00000000fe200000,0x00000000fe200000,0x0000000100000000)
 ParOldGen       total 125952K, used 101659K [0x0000000080000000, 0x0000000087b00000, 0x00000000d5580000)
  object space 125952K, 80% used [0x0000000080000000,0x0000000086346f18,0x0000000087b00000)
 Metaspace       used 52158K, capacity 54161K, committed 54360K, reserved 1097728K
  class space    used 6629K, capacity 7022K, committed 7040K, reserved 1048576K
}
Event: 185.907 GC heap before
{Heap before GC invocations=25 (full 3):
 PSYoungGen      total 611328K, used 590944K [0x00000000d5580000, 0x0000000100000000, 0x0000000100000000)
  eden space 578560K, 100% used [0x00000000d5580000,0x00000000f8a80000,0x00000000f8a80000)
  from space 32768K, 37% used [0x00000000f8a80000,0x00000000f9698000,0x00000000faa80000)
  to   space 30720K, 0% used [0x00000000fe200000,0x00000000fe200000,0x0000000100000000)
 ParOldGen       total 125952K, used 101659K [0x0000000080000000, 0x0000000087b00000, 0x00000000d5580000)
  object space 125952K, 80% used [0x0000000080000000,0x0000000086346f18,0x0000000087b00000)
 Metaspace       used 52489K, capacity 54481K, committed 54616K, reserved 1097728K
  class space    used 6630K, capacity 7022K, committed 7040K, reserved 1048576K
Event: 185.984 GC heap after
Heap after GC invocations=25 (full 3):
 PSYoungGen      total 660992K, used 11712K [0x00000000d5580000, 0x00000000ffb00000, 0x0000000100000000)
  eden space 635392K, 0% used [0x00000000d5580000,0x00000000d5580000,0x00000000fc200000)
  from space 25600K, 45% used [0x00000000fe200000,0x00000000fed70010,0x00000000ffb00000)
  to   space 29184K, 0% used [0x00000000fc200000,0x00000000fc200000,0x00000000fde80000)
 ParOldGen       total 169472K, used 155226K [0x0000000080000000, 0x000000008a580000, 0x00000000d5580000)
  object space 169472K, 91% used [0x0000000080000000,0x00000000897968c8,0x000000008a580000)
 Metaspace       used 52489K, capacity 54481K, committed 54616K, reserved 1097728K
  class space    used 6630K, capacity 7022K, committed 7040K, reserved 1048576K
}
Event: 185.985 GC heap before
{Heap before GC invocations=26 (full 4):
 PSYoungGen      total 660992K, used 11712K [0x00000000d5580000, 0x00000000ffb00000, 0x0000000100000000)
  eden space 635392K, 0% used [0x00000000d5580000,0x00000000d5580000,0x00000000fc200000)
  from space 25600K, 45% used [0x00000000fe200000,0x00000000fed70010,0x00000000ffb00000)
  to   space 29184K, 0% used [0x00000000fc200000,0x00000000fc200000,0x00000000fde80000)
 ParOldGen       total 169472K, used 155226K [0x0000000080000000, 0x000000008a580000, 0x00000000d5580000)
  object space 169472K, 91% used [0x0000000080000000,0x00000000897968c8,0x000000008a580000)
 Metaspace       used 52489K, capacity 54481K, committed 54616K, reserved 1097728K
  class space    used 6630K, capacity 7022K, committed 7040K, reserved 1048576K

Deoptimization events (10 events):
Event: 43.877 Thread 0x00007fd2c8190800 Uncommon trap: reason=predicate action=maybe_recompile pc=0x00007fd3064920d4 method=java.util.AbstractCollection.toArray([Ljava/lang/Object;)[Ljava/lang/Object; @ 49
Event: 44.881 Thread 0x00007fd2c818d000 Uncommon trap: reason=array_check action=maybe_recompile pc=0x00007fd3064ba7d8 method=java.util.AbstractCollection.toArray([Ljava/lang/Object;)[Ljava/lang/Object; @ 119
Event: 45.354 Thread 0x00007fd2c817d800 Uncommon trap: reason=array_check action=maybe_recompile pc=0x00007fd3064ba7d8 method=java.util.AbstractCollection.toArray([Ljava/lang/Object;)[Ljava/lang/Object; @ 119
Event: 45.354 Thread 0x00007fd2c817d800 Uncommon trap: reason=array_check action=maybe_recompile pc=0x00007fd3064ba7d8 method=java.util.AbstractCollection.toArray([Ljava/lang/Object;)[Ljava/lang/Object; @ 119
Event: 45.354 Thread 0x00007fd2c817d800 Uncommon trap: reason=array_check action=maybe_recompile pc=0x00007fd3064ba7d8 method=java.util.AbstractCollection.toArray([Ljava/lang/Object;)[Ljava/lang/Object; @ 119
Event: 72.155 Thread 0x00007fd2c8190800 Uncommon trap: reason=predicate action=maybe_recompile pc=0x00007fd30659d3ec method=java.util.Arrays.fill([Ljava/lang/Object;IILjava/lang/Object;)V @ 16
Event: 93.300 Thread 0x00007fd2c818d000 Uncommon trap: reason=array_check action=maybe_recompile pc=0x00007fd3065e9fac method=java.util.Arrays.fill([Ljava/lang/Object;IILjava/lang/Object;)V @ 20
Event: 93.300 Thread 0x00007fd2c818d000 Uncommon trap: reason=array_check action=maybe_recompile pc=0x00007fd3065e9fac method=java.util.Arrays.fill([Ljava/lang/Object;IILjava/lang/Object;)V @ 20
Event: 93.327 Thread 0x0000000001f29800 Uncommon trap: reason=array_check action=maybe_recompile pc=0x00007fd3065e9fac method=java.util.Arrays.fill([Ljava/lang/Object;IILjava/lang/Object;)V @ 20
Event: 93.327 Thread 0x0000000001f29800 Uncommon trap: reason=array_check action=maybe_recompile pc=0x00007fd3065e9fac method=java.util.Arrays.fill([Ljava/lang/Object;IILjava/lang/Object;)V @ 20

Classes redefined (0 events):
No events

Internal exceptions (10 events):
Event: 27.451 Thread 0x00007fd2d817d800 Exception <a 'sun/nio/fs/UnixException'> (0x00000000e8d422f8) thrown at [/HUDSON/workspace/8-2-build-linux-amd64/jdk8u161/10277/hotspot/src/share/vm/prims/jni.cpp, line 709]
Event: 27.452 Thread 0x00007fd2d817d800 Exception <a 'sun/nio/fs/UnixException'> (0x00000000e8d522d0) thrown at [/HUDSON/workspace/8-2-build-linux-amd64/jdk8u161/10277/hotspot/src/share/vm/prims/jni.cpp, line 709]
Event: 27.452 Thread 0x00007fd2d817d800 Exception <a 'sun/nio/fs/UnixException'> (0x00000000e8d528d8) thrown at [/HUDSON/workspace/8-2-build-linux-amd64/jdk8u161/10277/hotspot/src/share/vm/prims/jni.cpp, line 709]
Event: 27.452 Thread 0x00007fd2d817d800 Exception <a 'sun/nio/fs/UnixException'> (0x00000000e8d52d18) thrown at [/HUDSON/workspace/8-2-build-linux-amd64/jdk8u161/10277/hotspot/src/share/vm/prims/jni.cpp, line 709]
Event: 30.490 Thread 0x00007fd314010800 Exception <a 'sun/nio/fs/UnixException'> (0x00000000eaf49dd8) thrown at [/HUDSON/workspace/8-2-build-linux-amd64/jdk8u161/10277/hotspot/src/share/vm/prims/jni.cpp, line 709]
Event: 30.495 Thread 0x00007fd2c818e800 Exception <a 'sun/nio/fs/UnixException'> (0x00000000eb0b8538) thrown at [/HUDSON/workspace/8-2-build-linux-amd64/jdk8u161/10277/hotspot/src/share/vm/prims/jni.cpp, line 709]
Event: 30.745 Thread 0x00007fd2d817d800 Exception <a 'sun/nio/fs/UnixException'> (0x00000000df10f378) thrown at [/HUDSON/workspace/8-2-build-linux-amd64/jdk8u161/10277/hotspot/src/share/vm/prims/jni.cpp, line 709]
Event: 30.745 Thread 0x00007fd2d817d800 Exception <a 'sun/nio/fs/UnixException'> (0x00000000df10f9b8) thrown at [/HUDSON/workspace/8-2-build-linux-amd64/jdk8u161/10277/hotspot/src/share/vm/prims/jni.cpp, line 709]
Event: 30.751 Thread 0x00007fd2d817d800 Exception <a 'java/lang/NoClassDefFoundError': Could not initialize class net.sf.javabdd.BuDDyFactory> (0x00000000df9789c8) thrown at [/HUDSON/workspace/8-2-build-linux-amd64/jdk8u161/10277/hotspot/src/share/vm/oops/instanceKlass.cpp, line 879]
Event: 30.757 Thread 0x00007fd2d817d800 Exception <a 'java/lang/NoClassDefFoundError': Could not initialize class net.sf.javabdd.BuDDyFactory> (0x00000000dfa05440) thrown at [/HUDSON/workspace/8-2-build-linux-amd64/jdk8u161/10277/hotspot/src/share/vm/oops/instanceKlass.cpp, line 879]

Events (10 events):
Event: 174.830 Thread 0x00007fd314582800 flushing nmethod 0x00007fd3062a84d0
Event: 175.361 Thread 0x00007fd314582800 flushing nmethod 0x00007fd30635cb50
Event: 175.361 Thread 0x00007fd314582800 flushing nmethod 0x00007fd306410ad0
Event: 175.361 Thread 0x00007fd314582800 flushing nmethod 0x00007fd306432950
Event: 175.361 Thread 0x00007fd314582800 flushing nmethod 0x00007fd3064be190
Event: 175.361 Thread 0x00007fd314582800 flushing nmethod 0x00007fd3064cf0d0
Event: 175.361 Thread 0x00007fd314582800 flushing nmethod 0x00007fd3064cf550
Event: 175.361 Thread 0x00007fd314582800 flushing nmethod 0x00007fd306517bd0
Event: 175.363 Thread 0x00007fd314582800 flushing nmethod 0x00007fd3065702d0
Event: 185.905 Executing VM operation: ParallelGCFailedAllocation


Dynamic libraries:
00400000-00401000 r-xp 00000000 08:01 825069                             /usr/lib/jvm/jdk1.8.0_161/bin/java
00600000-00601000 rw-p 00000000 08:01 825069                             /usr/lib/jvm/jdk1.8.0_161/bin/java
01d90000-01f98000 rw-p 00000000 00:00 0                                  [heap]
80000000-8a580000 rw-p 00000000 00:00 0 
8d480000-d5580000 ---p 00000000 00:00 0 
d5580000-ffb00000 rw-p 00000000 00:00 0 
ffb00000-100000000 ---p 00000000 00:00 0 
100000000-1006e0000 rw-p 00000000 00:00 0 
1006e0000-140000000 ---p 00000000 00:00 0 
7fd2c03d5000-7fd2c0455000 rw-p 00000000 00:00 0 
7fd2c0455000-7fd2c05d5000 ---p 00000000 00:00 0 
7fd2c05d5000-7fd2c07d5000 rw-p 00000000 00:00 0 
7fd2c07d5000-7fd2c09d5000 rw-p 00000000 00:00 0 
7fd2c09d5000-7fd2c0bd5000 rw-p 00000000 00:00 0 
7fd2c0bd5000-7fd2c0bd8000 ---p 00000000 00:00 0 
7fd2c0bd8000-7fd2c0ed6000 rw-p 00000000 00:00 0 
7fd2c0ed6000-7fd2c0ee3000 r-xp 00000000 08:01 1233960                    /tmp/liblz4-java1964611030210550804.so
7fd2c0ee3000-7fd2c10e2000 ---p 0000d000 08:01 1233960                    /tmp/liblz4-java1964611030210550804.so
7fd2c10e2000-7fd2c10e3000 rw-p 0000c000 08:01 1233960                    /tmp/liblz4-java1964611030210550804.so
7fd2c10e3000-7fd2c12e3000 rw-p 00000000 00:00 0 
7fd2c12e3000-7fd2c14e3000 rw-p 00000000 00:00 0 
7fd2c14e3000-7fd2c16e3000 rw-p 00000000 00:00 0 
7fd2c16e3000-7fd2c18d9000 rw-p 00000000 00:00 0 
7fd2c18d9000-7fd2c18e3000 ---p 00000000 00:00 0 
7fd2c18e3000-7fd2c1ae3000 rw-p 00000000 00:00 0 
7fd2c1ae3000-7fd2c1ae6000 ---p 00000000 00:00 0 
7fd2c1ae6000-7fd2c1be4000 rw-p 00000000 00:00 0 
7fd2c1be4000-7fd2c1be7000 ---p 00000000 00:00 0 
7fd2c1be7000-7fd2c1ce5000 rw-p 00000000 00:00 0 
7fd2c1ce5000-7fd2c1ce8000 ---p 00000000 00:00 0 
7fd2c1ce8000-7fd2c1fe6000 rw-p 00000000 00:00 0 
7fd2c1fe6000-7fd2c1fe9000 ---p 00000000 00:00 0 
7fd2c1fe9000-7fd2c22e7000 rw-p 00000000 00:00 0 
7fd2c22e7000-7fd2c24e7000 rw-p 00000000 00:00 0 
7fd2c24e7000-7fd2c24ea000 ---p 00000000 00:00 0 
7fd2c24ea000-7fd2c25e8000 rw-p 00000000 00:00 0 
7fd2c25e8000-7fd2c25eb000 ---p 00000000 00:00 0 
7fd2c25eb000-7fd2c26e9000 rw-p 00000000 00:00 0 
7fd2c26e9000-7fd2c26ec000 ---p 00000000 00:00 0 
7fd2c26ec000-7fd2c27ea000 rw-p 00000000 00:00 0 
7fd2c27ea000-7fd2c27ed000 ---p 00000000 00:00 0 
7fd2c27ed000-7fd2c28eb000 rw-p 00000000 00:00 0 
7fd2c28eb000-7fd2c28ee000 ---p 00000000 00:00 0 
7fd2c28ee000-7fd2c29ec000 rw-p 00000000 00:00 0 
7fd2c29ec000-7fd2c29ef000 ---p 00000000 00:00 0 
7fd2c29ef000-7fd2c2aed000 rw-p 00000000 00:00 0 
7fd2c2aed000-7fd2c2af0000 ---p 00000000 00:00 0 
7fd2c2af0000-7fd2c2bee000 rw-p 00000000 00:00 0 
7fd2c2bee000-7fd2c2bf1000 ---p 00000000 00:00 0 
7fd2c2bf1000-7fd2c2cef000 rw-p 00000000 00:00 0 
7fd2c2cef000-7fd2c2cf2000 ---p 00000000 00:00 0 
7fd2c2cf2000-7fd2c2df0000 rw-p 00000000 00:00 0 
7fd2c2df0000-7fd2c2df3000 ---p 00000000 00:00 0 
7fd2c2df3000-7fd2c2ef1000 rw-p 00000000 00:00 0 
7fd2c2ef1000-7fd2c2ef4000 ---p 00000000 00:00 0 
7fd2c2ef4000-7fd2c2ff2000 rw-p 00000000 00:00 0 
7fd2c2ff2000-7fd2c2ff5000 ---p 00000000 00:00 0 
7fd2c2ff5000-7fd2c30f3000 rw-p 00000000 00:00 0 
7fd2c30f3000-7fd2c30f6000 ---p 00000000 00:00 0 
7fd2c30f6000-7fd2c31f4000 rw-p 00000000 00:00 0 
7fd2c31f4000-7fd2c31f7000 ---p 00000000 00:00 0 
7fd2c31f7000-7fd2c32f5000 rw-p 00000000 00:00 0 
7fd2c32f5000-7fd2c32f8000 ---p 00000000 00:00 0 
7fd2c32f8000-7fd2c33f6000 rw-p 00000000 00:00 0 
7fd2c33f6000-7fd2c33f9000 ---p 00000000 00:00 0 
7fd2c33f9000-7fd2c34f7000 rw-p 00000000 00:00 0 
7fd2c34f7000-7fd2c34fa000 ---p 00000000 00:00 0 
7fd2c34fa000-7fd2c35f8000 rw-p 00000000 00:00 0 
7fd2c35f8000-7fd2c35fb000 ---p 00000000 00:00 0 
7fd2c35fb000-7fd2c38f9000 rw-p 00000000 00:00 0 
7fd2c38f9000-7fd2c38fc000 ---p 00000000 00:00 0 
7fd2c38fc000-7fd2c39fa000 rw-p 00000000 00:00 0 
7fd2c39fa000-7fd2c39fd000 ---p 00000000 00:00 0 
7fd2c39fd000-7fd2c3afb000 rw-p 00000000 00:00 0 
7fd2c3afb000-7fd2c3afe000 ---p 00000000 00:00 0 
7fd2c3afe000-7fd2c3bfc000 rw-p 00000000 00:00 0 
7fd2c3bfc000-7fd2c3bff000 ---p 00000000 00:00 0 
7fd2c3bff000-7fd2c3cfd000 rw-p 00000000 00:00 0 
7fd2c3cfd000-7fd2c3d00000 ---p 00000000 00:00 0 
7fd2c3d00000-7fd2c3dfe000 rw-p 00000000 00:00 0 
7fd2c3dfe000-7fd2c3e01000 ---p 00000000 00:00 0 
7fd2c3e01000-7fd2c3eff000 rw-p 00000000 00:00 0 
7fd2c3eff000-7fd2c3f02000 ---p 00000000 00:00 0 
7fd2c3f02000-7fd2c4000000 rw-p 00000000 00:00 0 
7fd2c4000000-7fd2c4036000 rw-p 00000000 00:00 0 
7fd2c4036000-7fd2c8000000 ---p 00000000 00:00 0 
7fd2c8000000-7fd2c841f000 rw-p 00000000 00:00 0 
7fd2c841f000-7fd2cc000000 ---p 00000000 00:00 0 
7fd2cc000000-7fd2cc021000 rw-p 00000000 00:00 0 
7fd2cc021000-7fd2d0000000 ---p 00000000 00:00 0 
7fd2d0000000-7fd2d0021000 rw-p 00000000 00:00 0 
7fd2d0021000-7fd2d4000000 ---p 00000000 00:00 0 
7fd2d4000000-7fd2d4d1f000 rw-p 00000000 00:00 0 
7fd2d4d1f000-7fd2d8000000 ---p 00000000 00:00 0 
7fd2d8000000-7fd2d820a000 rw-p 00000000 00:00 0 
7fd2d820a000-7fd2dc000000 ---p 00000000 00:00 0 
7fd2dc000000-7fd2de3ae000 rw-p 00000000 00:00 0 
7fd2de3ae000-7fd2e0000000 ---p 00000000 00:00 0 
7fd2e0000000-7fd2e29fe000 rw-p 00000000 00:00 0 
7fd2e29fe000-7fd2e4000000 ---p 00000000 00:00 0 
7fd2e4000000-7fd2e4314000 rw-p 00000000 00:00 0 
7fd2e4314000-7fd2e8000000 ---p 00000000 00:00 0 
7fd2e8000000-7fd2e8200000 rw-p 00000000 00:00 0 
7fd2e8200000-7fd2ec000000 ---p 00000000 00:00 0 
7fd2ec000000-7fd2ec310000 rw-p 00000000 00:00 0 
7fd2ec310000-7fd2f0000000 ---p 00000000 00:00 0 
7fd2f0000000-7fd2f00da000 rw-p 00000000 00:00 0 
7fd2f00da000-7fd2f4000000 ---p 00000000 00:00 0 
7fd2f4000000-7fd2f4021000 rw-p 00000000 00:00 0 
7fd2f4021000-7fd2f8000000 ---p 00000000 00:00 0 
7fd2f80d1000-7fd2f80d2000 rw-p 00000000 00:00 0 
7fd2f80d2000-7fd2f80d5000 ---p 00000000 00:00 0 
7fd2f80d5000-7fd2f81d3000 rw-p 00000000 00:00 0 
7fd2f81d3000-7fd2f81d6000 ---p 00000000 00:00 0 
7fd2f81d6000-7fd2f82d4000 rw-p 00000000 00:00 0 
7fd2f82d4000-7fd2f82d7000 ---p 00000000 00:00 0 
7fd2f82d7000-7fd2f83d5000 rw-p 00000000 00:00 0 
7fd2f83d5000-7fd2f83d8000 ---p 00000000 00:00 0 
7fd2f83d8000-7fd2f84d6000 rw-p 00000000 00:00 0 
7fd2f84d6000-7fd2f84d9000 ---p 00000000 00:00 0 
7fd2f84d9000-7fd2f85d7000 rw-p 00000000 00:00 0 
7fd2f85d7000-7fd2f85da000 ---p 00000000 00:00 0 
7fd2f85da000-7fd2f86d8000 rw-p 00000000 00:00 0 
7fd2f86d8000-7fd2f86db000 ---p 00000000 00:00 0 
7fd2f86db000-7fd2f87d9000 rw-p 00000000 00:00 0 
7fd2f87d9000-7fd2f87dc000 ---p 00000000 00:00 0 
7fd2f87dc000-7fd2f88da000 rw-p 00000000 00:00 0 
7fd2f88da000-7fd2f88dd000 ---p 00000000 00:00 0 
7fd2f88dd000-7fd2f8bdb000 rw-p 00000000 00:00 0 
7fd2f8bdb000-7fd2f8bde000 ---p 00000000 00:00 0 
7fd2f8bde000-7fd2f8cdc000 rw-p 00000000 00:00 0 
7fd2f8cdc000-7fd2f8cdf000 ---p 00000000 00:00 0 
7fd2f8cdf000-7fd2f8ddd000 rw-p 00000000 00:00 0 
7fd2f8ddd000-7fd2f8de4000 r--s 00000000 08:01 1086193                    /usr/lib/x86_64-linux-gnu/gconv/gconv-modules.cache
7fd2f8de4000-7fd2f8e05000 r--p 00000000 08:01 1186991                    /usr/share/locale-langpack/zh_CN/LC_MESSAGES/libc.mo
7fd2f8e05000-7fd2f9005000 rw-p 00000000 00:00 0 
7fd2f9005000-7fd2f900a000 r--s 0009d000 08:01 826662                     /usr/lib/jvm/jdk1.8.0_161/jre/lib/jsse.jar
7fd2f900a000-7fd2f920a000 rw-p 00000000 00:00 0 
7fd2f920a000-7fd2f940a000 rw-p 00000000 00:00 0 
7fd2f940a000-7fd2f960a000 rw-p 00000000 00:00 0 
7fd2f960a000-7fd2f960d000 ---p 00000000 00:00 0 
7fd2f960d000-7fd2f970b000 rw-p 00000000 00:00 0 
7fd2f970b000-7fd2f970e000 ---p 00000000 00:00 0 
7fd2f970e000-7fd2f980c000 rw-p 00000000 00:00 0 
7fd2f980c000-7fd2f981d000 r-xp 00000000 08:01 957271                     /usr/lib/jvm/jdk1.8.0_161/jre/lib/amd64/libnio.so
7fd2f981d000-7fd2f9a1c000 ---p 00011000 08:01 957271                     /usr/lib/jvm/jdk1.8.0_161/jre/lib/amd64/libnio.so
7fd2f9a1c000-7fd2f9a1d000 rw-p 00010000 08:01 957271                     /usr/lib/jvm/jdk1.8.0_161/jre/lib/amd64/libnio.so
7fd2f9a1d000-7fd2f9c1d000 rw-p 00000000 00:00 0 
7fd2f9c1d000-7fd2f9c20000 ---p 00000000 00:00 0 
7fd2f9c20000-7fd2f9c56000 rw-p 00000000 00:00 0 
7fd2f9c56000-7fd2f9c57000 r--p 00000000 00:00 0 
7fd2f9c57000-7fd2f9c5a000 ---p 00000000 00:00 0 
7fd2f9c5a000-7fd2f9d58000 rw-p 00000000 00:00 0 
7fd2f9d58000-7fd2f9d62000 r--s 00116000 08:01 826673                     /usr/lib/jvm/jdk1.8.0_161/jre/lib/ext/localedata.jar
7fd2f9d62000-7fd2f9d7e000 r--s 00393000 08:01 826666                     /usr/lib/jvm/jdk1.8.0_161/jre/lib/ext/cldrdata.jar
7fd2f9d7e000-7fd2f9d7f000 ---p 00000000 00:00 0 
7fd2f9d7f000-7fd2f9e7f000 rw-p 00000000 00:00 0 
7fd2f9e7f000-7fd2f9e82000 ---p 00000000 00:00 0 
7fd2f9e82000-7fd2f9f80000 rw-p 00000000 00:00 0 
7fd2f9f80000-7fd2f9f96000 r-xp 00000000 08:01 957268                     /usr/lib/jvm/jdk1.8.0_161/jre/lib/amd64/libnet.so
7fd2f9f96000-7fd2fa196000 ---p 00016000 08:01 957268                     /usr/lib/jvm/jdk1.8.0_161/jre/lib/amd64/libnet.so
7fd2fa196000-7fd2fa197000 rw-p 00016000 08:01 957268                     /usr/lib/jvm/jdk1.8.0_161/jre/lib/amd64/libnet.so
7fd2fa197000-7fd2fa19a000 ---p 00000000 00:00 0 
7fd2fa19a000-7fd2fa298000 rw-p 00000000 00:00 0 
7fd2fa298000-7fd2fa29b000 ---p 00000000 00:00 0 
7fd2fa29b000-7fd2fa399000 rw-p 00000000 00:00 0 
7fd2fa399000-7fd2fa39c000 ---p 00000000 00:00 0 
7fd2fa39c000-7fd2fa49a000 rw-p 00000000 00:00 0 
7fd2fa49a000-7fd2fa49c000 r--s 0001d000 08:01 824244                     /usr/local/IDEAU/idea-IU-211.7628.21/lib/idea_rt.jar
7fd2fa49c000-7fd2fa49e000 r--s 00001000 08:01 2628031                    /home/uptech/.m2/repository/org/slf4j/slf4j-jdk14/1.7.25/slf4j-jdk14-1.7.25.jar
7fd2fa49e000-7fd2fa4a6000 r--s 00071000 08:01 2123968                    /home/uptech/.m2/repository/org/apache/commons/commons-lang3/3.6/commons-lang3-3.6.jar
7fd2fa4a6000-7fd2fa4a7000 r--s 00001000 08:01 2760640                    /home/uptech/.m2/repository/io/opentracing/opentracing-util/0.30.0/opentracing-util-0.30.0.jar
7fd2fa4a7000-7fd2fa4a8000 r--s 00013000 08:01 2257722                    /home/uptech/.m2/repository/com/squareup/okio/okio/1.13.0/okio-1.13.0.jar
7fd2fa4a8000-7fd2fa4ae000 r--s 0005c000 08:01 2257720                    /home/uptech/.m2/repository/com/squareup/okhttp3/okhttp/3.8.1/okhttp-3.8.1.jar
7fd2fa4ae000-7fd2fa4b0000 r--s 00009000 08:01 2627627                    /home/uptech/.m2/repository/org/slf4j/slf4j-api/1.7.25/slf4j-api-1.7.25.jar
7fd2fa4b0000-7fd2fa4b5000 r--s 00034000 08:01 2124018                    /home/uptech/.m2/repository/com/google/code/gson/gson/2.8.0/gson-2.8.0.jar
7fd2fa4b5000-7fd2fa4bb000 r--s 00032000 08:01 2895076                    /home/uptech/.m2/repository/org/apache/httpcomponents/httpcore/4.2.4/httpcore-4.2.4.jar
7fd2fa4bb000-7fd2fa4c1000 r--s 00033000 08:01 2120965                    /home/uptech/.m2/repository/commons-codec/commons-codec/1.6/commons-codec-1.6.jar
7fd2fa4c1000-7fd2fa4ca000 r--s 00061000 08:01 2510550                    /home/uptech/.m2/repository/org/apache/httpcomponents/httpclient/4.2.5/httpclient-4.2.5.jar
7fd2fa4ca000-7fd2fa4cf000 r--s 00033000 08:01 2124014                    /home/uptech/.m2/repository/org/apache/thrift/libthrift/0.9.2/libthrift-0.9.2.jar
7fd2fa4cf000-7fd2fa4dd000 r--s 00096000 08:01 2124012                    /home/uptech/.m2/repository/com/uber/jaeger/jaeger-thrift/0.21.0/jaeger-thrift-0.21.0.jar
7fd2fa4dd000-7fd2fa4e0000 r--s 00018000 08:01 1996544                    /home/uptech/.m2/repository/com/uber/jaeger/jaeger-core/0.21.0/jaeger-core-0.21.0.jar
7fd2fa4e0000-7fd2fa4e1000 r--s 00000000 08:01 1996154                    /home/uptech/.m2/repository/org/codehaus/mojo/animal-sniffer-annotations/1.14/animal-sniffer-annotations-1.14.jar
7fd2fa4e1000-7fd2fa4e3000 r--s 00001000 08:01 2627440                    /home/uptech/.m2/repository/com/google/j2objc/j2objc-annotations/1.1/j2objc-annotations-1.1.jar
7fd2fa4e3000-7fd2fa513000 r--s 00245000 08:01 2123869                    /home/uptech/.m2/repository/com/google/guava/guava/22.0/guava-22.0.jar
7fd2fa513000-7fd2fa515000 r--s 00007000 08:01 2394324                    /home/uptech/.m2/repository/com/fasterxml/jackson/module/jackson-module-jaxb-annotations/2.9.0/jackson-module-jaxb-annotations-2.9.0.jar
7fd2fa515000-7fd2fa516000 r--s 00003000 08:01 2124051                    /home/uptech/.m2/repository/com/fasterxml/jackson/jaxrs/jackson-jaxrs-json-provider/2.9.0/jackson-jaxrs-json-provider-2.9.0.jar
7fd2fa516000-7fd2fa517000 r--s 00007000 08:01 2124049                    /home/uptech/.m2/repository/com/fasterxml/jackson/jaxrs/jackson-jaxrs-base/2.9.0/jackson-jaxrs-base-2.9.0.jar
7fd2fa517000-7fd2fa51a000 r--s 0000f000 08:01 2895103                    /home/uptech/.m2/repository/org/glassfish/jersey/ext/jersey-entity-filtering/2.25.1/jersey-entity-filtering-2.25.1.jar
7fd2fa51a000-7fd2fa51c000 r--s 00004000 08:01 2760709                    /home/uptech/.m2/repository/org/glassfish/jersey/media/jersey-media-json-jackson/2.25.1/jersey-media-json-jackson-2.25.1.jar
7fd2fa51c000-7fd2fa51d000 r--s 00004000 08:01 2757528                    /home/uptech/.m2/repository/org/glassfish/hk2/osgi-resource-locator/1.0.1/osgi-resource-locator-1.0.1.jar
7fd2fa51d000-7fd2fa535000 r--s 000d6000 08:01 2895044                    /home/uptech/.m2/repository/org/glassfish/jersey/bundles/repackaged/jersey-guava/2.25.1/jersey-guava-2.25.1.jar
7fd2fa535000-7fd2fa543000 r--s 000a1000 08:01 2895043                    /home/uptech/.m2/repository/org/glassfish/jersey/core/jersey-common/2.25.1/jersey-common-2.25.1.jar
7fd2fa543000-7fd2fa547000 r--s 00026000 08:01 2760637                    /home/uptech/.m2/repository/org/glassfish/jersey/core/jersey-client/2.25.1/jersey-client-2.25.1.jar
7fd2fa547000-7fd2fa549000 r--s 00005000 08:01 2628026                    /home/uptech/.m2/repository/javax/annotation/javax.annotation-api/1.2/javax.annotation-api-1.2.jar
7fd2fa549000-7fd2fa552000 r--s 00099000 08:01 2124047                    /home/uptech/.m2/repository/com/microsoft/azure/azure-storage/2.0.0/azure-storage-2.0.0.jar
7fd2fa552000-7fd2fa554000 r--s 0000a000 08:01 2628028                    /home/uptech/.m2/repository/org/json/json/20090211/json-20090211.jar
7fd2fa554000-7fd2fa555000 r--s 00006000 08:01 3016663                    /home/uptech/.m2/repository/org/skyscreamer/jsonassert/1.2.3/jsonassert-1.2.3.jar
7fd2fa555000-7fd2fa566000 r--s 000c9000 08:01 2760639                    /home/uptech/.m2/repository/org/glassfish/grizzly/grizzly-framework/2.3.18/grizzly-framework-2.3.18.jar
7fd2fa566000-7fd2fa56a000 r--s 00039000 08:01 1995377                    /home/uptech/.m2/repository/org/codehaus/plexus/plexus-utils/3.0.24/plexus-utils-3.0.24.jar
7fd2fa56a000-7fd2fa56c000 r--s 0000c000 08:01 2510108                    /home/uptech/.m2/repository/org/apache/maven/maven-artifact/3.5.0/maven-artifact-3.5.0.jar
7fd2fa56c000-7fd2fa56e000 r--s 00002000 08:01 2760638                    /home/uptech/.m2/repository/io/opentracing/opentracing-noop/0.30.0/opentracing-noop-0.30.0.jar
7fd2fa56e000-7fd2fa56f000 r--s 00003000 08:01 2760636                    /home/uptech/.m2/repository/io/opentracing/opentracing-mock/0.30.0/opentracing-mock-0.30.0.jar
7fd2fa56f000-7fd2fa570000 r--s 0000c000 08:01 2628022                    /home/uptech/.m2/repository/commons-cli/commons-cli/1.3.1/commons-cli-1.3.1.jar
7fd2fa570000-7fd2fa57d000 r--s 00083000 08:01 2508921                    /home/uptech/.m2/repository/commons-collections/commons-collections/3.2.2/commons-collections-3.2.2.jar
7fd2fa57d000-7fd2fa582000 r--s 00038000 08:01 2510450                    /home/uptech/.m2/repository/commons-beanutils/commons-beanutils/1.9.3/commons-beanutils-1.9.3.jar
7fd2fa582000-7fd2fa584000 r--s 00005000 08:01 2123973                    /home/uptech/.m2/repository/xpp3/xpp3_min/1.1.4c/xpp3_min-1.1.4c.jar
7fd2fa584000-7fd2fa585000 r--s 00001000 08:01 2123971                    /home/uptech/.m2/repository/xmlpull/xmlpull/1.1.3.1/xmlpull-1.1.3.1.jar
7fd2fa585000-7fd2fa592000 r--s 00075000 08:01 2123969                    /home/uptech/.m2/repository/com/thoughtworks/xstream/xstream/1.4.7/xstream-1.4.7.jar
7fd2fa592000-7fd2fa594000 r--s 0000c000 08:01 2510508                    /home/uptech/.m2/repository/org/ow2/asm/asm/5.0.4/asm-5.0.4.jar
7fd2fa594000-7fd2fa596000 r--s 00006000 08:01 2510506                    /home/uptech/.m2/repository/net/minidev/accessors-smart/1.2/accessors-smart-1.2.jar
7fd2fa596000-7fd2fa599000 r--s 0001b000 08:01 2510504                    /home/uptech/.m2/repository/net/minidev/json-smart/2.3/json-smart-2.3.jar
7fd2fa599000-7fd2fa59f000 r--s 00031000 08:01 1996114                    /home/uptech/.m2/repository/com/jayway/jsonpath/json-path/2.4.0-batfish-internal/json-path-2.4.0-batfish-internal.jar
7fd2fa59f000-7fd2fa5a0000 r--s 00002000 08:01 2510452                    /home/uptech/.m2/repository/com/google/errorprone/error_prone_annotations/2.0.18/error_prone_annotations-2.0.18.jar
7fd2fa5a0000-7fd2fa5a3000 r--s 00015000 08:01 2510502                    /home/uptech/.m2/repository/com/fasterxml/jackson/datatype/jackson-datatype-jsr310/2.9.0/jackson-datatype-jsr310-2.9.0.jar
7fd2fa5a3000-7fd2fa5a5000 r--s 00007000 08:01 2257694                    /home/uptech/.m2/repository/com/fasterxml/jackson/datatype/jackson-datatype-jdk8/2.9.0/jackson-datatype-jdk8-2.9.0.jar
7fd2fa5a5000-7fd2fa5a8000 r--s 00010000 08:01 2257692                    /home/uptech/.m2/repository/com/fasterxml/jackson/datatype/jackson-datatype-guava/2.9.0/jackson-datatype-guava-2.9.0.jar
7fd2fa5a8000-7fd2fa5b0000 r--s 0008f000 08:01 1996562                    /home/uptech/.m2/repository/org/jline/jline/3.5.2/jline-3.5.2.jar
7fd2fa5b0000-7fd2fa5b2000 r--s 0000e000 08:01 1996560                    /home/uptech/.m2/repository/org/jvnet/mimepull/mimepull/1.9.6/mimepull-1.9.6.jar
7fd2fa5b2000-7fd2fa5b5000 r--s 0000e000 08:01 2760685                    /home/uptech/.m2/repository/org/glassfish/jersey/media/jersey-media-multipart/2.25.1/jersey-media-multipart-2.25.1.jar
7fd2fa5b5000-7fd2fa5b9000 r--s 0002a000 08:01 2257468                    /home/uptech/.m2/repository/commons-io/commons-io/2.4/commons-io-2.4.jar
7fd2fa5b9000-7fd2fa5f0000 r--s 004fc000 08:01 2123967                    /home/uptech/.m2/repository/org/scala-lang/scala-library/2.12.0/scala-library-2.12.0.jar
7fd2fa5f0000-7fd2fa5f2000 r--s 00011000 08:01 1996122                    /home/uptech/.m2/repository/com/kjetland/mbknor-jackson-jsonschema_2.12/1.0.11-batfish-internal/mbknor-jackson-jsonschema_2.12-1.0.11-batfish-internal.jar
7fd2fa5f2000-7fd2fa5f5000 r--s 00058000 08:01 2760651                    /home/uptech/.m2/repository/org/lz4/lz4-java/1.4.1/lz4-java-1.4.1.jar
7fd2fa5f5000-7fd2fa600000 r--s 00086000 08:01 3017690                    /home/uptech/.m2/repository/org/jgrapht/jgrapht-core/1.1.0/jgrapht-core-1.1.0.jar
7fd2fa600000-7fd2fa603000 r--s 00009000 08:01 3017688                    /home/uptech/.m2/repository/org/glassfish/jersey/media/jersey-media-json-jettison/2.25.1/jersey-media-json-jettison-2.25.1.jar
7fd2fa603000-7fd2fa607000 r--s 0000c000 08:01 2757537                    /home/uptech/.m2/repository/javax/validation/validation-api/1.1.0.Final/validation-api-1.1.0.Final.jar
7fd2fa607000-7fd2fa611000 r--s 000ae000 08:01 2895058                    /home/uptech/.m2/repository/org/javassist/javassist/3.20.0-GA/javassist-3.20.0-GA.jar
7fd2fa611000-7fd2fa614000 r--s 0002b000 08:01 2895056                    /home/uptech/.m2/repository/org/glassfish/hk2/hk2-locator/2.5.0-b32/hk2-locator-2.5.0-b32.jar
7fd2fa614000-7fd2fa616000 r--s 00002000 08:01 2895054                    /home/uptech/.m2/repository/org/glassfish/hk2/external/aopalliance-repackaged/2.5.0-b32/aopalliance-repackaged-2.5.0-b32.jar
7fd2fa616000-7fd2fa619000 r--s 0001e000 08:01 2895053                    /home/uptech/.m2/repository/org/glassfish/hk2/hk2-utils/2.5.0-b32/hk2-utils-2.5.0-b32.jar
7fd2fa619000-7fd2fa61f000 r--s 00028000 08:01 2895052                    /home/uptech/.m2/repository/org/glassfish/hk2/hk2-api/2.5.0-b32/hk2-api-2.5.0-b32.jar
7fd2fa61f000-7fd2fa621000 r--s 00010000 08:01 2895049                    /home/uptech/.m2/repository/org/glassfish/jersey/media/jersey-media-jaxb/2.25.1/jersey-media-jaxb-2.25.1.jar
7fd2fa621000-7fd2fa636000 r--s 000d1000 08:01 2895047                    /home/uptech/.m2/repository/org/glassfish/jersey/core/jersey-server/2.25.1/jersey-server-2.25.1.jar
7fd2fa636000-7fd2fa637000 r--s 00001000 08:01 2895036                    /home/uptech/.m2/repository/org/glassfish/hk2/external/javax.inject/2.5.0-b32/javax.inject-2.5.0-b32.jar
7fd2fa637000-7fd2fa639000 r--s 00005000 08:01 2760654                    /home/uptech/.m2/repository/org/glassfish/jersey/containers/jersey-container-grizzly2-http/2.25.1/jersey-container-grizzly2-http-2.25.1.jar
7fd2fa639000-7fd2fa63e000 r--s 0004c000 08:01 2895041                    /home/uptech/.m2/repository/org/glassfish/grizzly/grizzly-http/2.3.18/grizzly-http-2.3.18.jar
7fd2fa63e000-7fd2fa644000 r--s 00040000 08:01 2895039                    /home/uptech/.m2/repository/org/glassfish/grizzly/grizzly-http-server/2.3.18/grizzly-http-server-2.3.18.jar
7fd2fa644000-7fd2fa646000 r--s 00005000 08:01 2123977                    /home/uptech/.m2/repository/stax/stax-api/1.0.1/stax-api-1.0.1.jar
7fd2fa646000-7fd2fa649000 r--s 00013000 08:01 1996529                    /home/uptech/.m2/repository/org/codehaus/jettison/jettison/1.3.8/jettison-1.3.8.jar
7fd2fa649000-7fd2fa64b000 r--s 0000e000 08:01 2509401                    /home/uptech/.m2/repository/commons-logging/commons-logging/1.2/commons-logging-1.2.jar
7fd2fa64b000-7fd2fa657000 r--s 0008d000 08:01 2760650                    /home/uptech/.m2/repository/org/apache/commons/commons-configuration2/2.2/commons-configuration2-2.2.jar
7fd2fa657000-7fd2fa667000 r--s 000a8000 08:01 2895078                    /home/uptech/.m2/repository/org/apache/commons/commons-collections4/4.1/commons-collections4-4.1.jar
7fd2fa667000-7fd2fa66e000 r--s 0004c000 08:01 2510503                    /home/uptech/.m2/repository/org/antlr/antlr4-runtime/4.7.1/antlr4-runtime-4.7.1.jar
7fd2fa66e000-7fd2fa671000 r--s 0002f000 08:01 2510433                    /home/uptech/.m2/repository/net/sf/javabdd/bdd/batfish-internal/bdd-batfish-internal.jar
7fd2fa671000-7fd2fa675000 r--s 00019000 08:01 2626936                    /home/uptech/.m2/repository/javax/ws/rs/javax.ws.rs-api/2.0.1/javax.ws.rs-api-2.0.1.jar
7fd2fa675000-7fd2fa676000 r--s 00001000 08:01 2760649                    /home/uptech/.m2/repository/io/opentracing/contrib/opentracing-concurrent/0.0.1/opentracing-concurrent-0.0.1.jar
7fd2fa676000-7fd2fa678000 r--s 00002000 08:01 2760645                    /home/uptech/.m2/repository/io/opentracing/contrib/opentracing-web-servlet-filter/0.0.9/opentracing-web-servlet-filter-0.0.9.jar
7fd2fa678000-7fd2fa67a000 r--s 00005000 08:01 2760642                    /home/uptech/.m2/repository/io/opentracing/contrib/opentracing-jaxrs2/0.0.9/opentracing-jaxrs2-0.0.9.jar
7fd2fa67a000-7fd2fa67e000 r--s 00027000 08:01 1996106                    /home/uptech/.m2/repository/com/microsoft/z3/z3/2018-01-12-450f3c9b459d128135abb5bbd4fa0508fe26bfae/z3-2018-01-12-450f3c9b459d128135abb5bbd4fa0508fe26bfae.jar
7fd2fa67e000-7fd2fa714000 r--s 0110a000 08:01 826667                     /usr/lib/jvm/jdk1.8.0_161/jre/lib/ext/jfxrt.jar
7fd2fa714000-7fd2fa717000 ---p 00000000 00:00 0 
7fd2fa717000-7fd2fa815000 rw-p 00000000 00:00 0 
7fd2fa815000-7fd2faef7000 r--p 00000000 08:01 794854                     /usr/lib/locale/locale-archive
7fd2faef7000-7fd2faefa000 ---p 00000000 00:00 0 
7fd2faefa000-7fd2faff8000 rw-p 00000000 00:00 0 
7fd2faff8000-7fd2faffb000 ---p 00000000 00:00 0 
7fd2faffb000-7fd2fb0f9000 rw-p 00000000 00:00 0 
7fd2fb0f9000-7fd2fb0fa000 ---p 00000000 00:00 0 
7fd2fb0fa000-7fd2fc000000 rw-p 00000000 00:00 0 
7fd2fc000000-7fd2fc0a9000 rw-p 00000000 00:00 0 
7fd2fc0a9000-7fd300000000 ---p 00000000 00:00 0 
7fd300000000-7fd300002000 r--s 00002000 08:01 2628025                    /home/uptech/.m2/repository/io/opentracing/opentracing-api/0.30.0/opentracing-api-0.30.0.jar
7fd300002000-7fd300305000 rw-p 00000000 00:00 0 
7fd300305000-7fd3004de000 r--s 03d64000 08:01 826605                     /usr/lib/jvm/jdk1.8.0_161/jre/lib/rt.jar
7fd3004de000-7fd3049a7000 rw-p 00000000 00:00 0 
7fd3049a7000-7fd304bff000 ---p 00000000 00:00 0 
7fd304bff000-7fd304c52000 rw-p 00000000 00:00 0 
7fd304c52000-7fd304ea9000 ---p 00000000 00:00 0 
7fd304ea9000-7fd304ffd000 rw-p 00000000 00:00 0 
7fd304ffd000-7fd304fff000 ---p 00000000 00:00 0 
7fd304fff000-7fd305000000 rw-p 00000000 00:00 0 
7fd305000000-7fd3068f0000 rwxp 00000000 00:00 0 
7fd3068f0000-7fd314000000 ---p 00000000 00:00 0 
7fd314000000-7fd314b62000 rw-p 00000000 00:00 0 
7fd314b62000-7fd318000000 ---p 00000000 00:00 0 
7fd318000000-7fd318002000 r--s 00003000 08:01 2509676                    /home/uptech/.m2/repository/com/google/code/findbugs/jsr305/3.0.2/jsr305-3.0.2.jar
7fd318002000-7fd318015000 r--s 00132000 08:01 2257690                    /home/uptech/.m2/repository/com/fasterxml/jackson/core/jackson-databind/2.9.0/jackson-databind-2.9.0.jar
7fd318015000-7fd318019000 r--s 0004b000 08:01 1996530                    /home/uptech/.m2/repository/com/fasterxml/jackson/core/jackson-core/2.9.0/jackson-core-2.9.0.jar
7fd318019000-7fd31801c000 r--s 0000e000 08:01 1996528                    /home/uptech/.m2/repository/com/fasterxml/jackson/core/jackson-annotations/2.9.0/jackson-annotations-2.9.0.jar
7fd31801c000-7fd31802f000 r--s 00345000 08:01 826643                     /usr/lib/jvm/jdk1.8.0_161/jre/lib/resources.jar
7fd31802f000-7fd318042000 r--s 000d6000 08:01 826547                     /usr/lib/jvm/jdk1.8.0_161/jre/lib/plugin.jar
7fd318042000-7fd318043000 r--s 00000000 08:01 826529                     /usr/lib/jvm/jdk1.8.0_161/jre/lib/management-agent.jar
7fd318043000-7fd31805f000 r--s 0020b000 08:01 826523                     /usr/lib/jvm/jdk1.8.0_161/jre/lib/deploy.jar
7fd31805f000-7fd318060000 ---p 00000000 00:00 0 
7fd318060000-7fd318160000 rw-p 00000000 00:00 0 
7fd318160000-7fd318161000 ---p 00000000 00:00 0 
7fd318161000-7fd3182c5000 rw-p 00000000 00:00 0 
7fd3182c5000-7fd318621000 ---p 00000000 00:00 0 
7fd318621000-7fd31863c000 r-xp 00000000 08:01 957264                     /usr/lib/jvm/jdk1.8.0_161/jre/lib/amd64/libzip.so
7fd31863c000-7fd31883c000 ---p 0001b000 08:01 957264                     /usr/lib/jvm/jdk1.8.0_161/jre/lib/amd64/libzip.so
7fd31883c000-7fd31883d000 rw-p 0001b000 08:01 957264                     /usr/lib/jvm/jdk1.8.0_161/jre/lib/amd64/libzip.so
7fd31883d000-7fd318847000 r-xp 00000000 08:01 398193                     /lib/x86_64-linux-gnu/libnss_files-2.19.so
7fd318847000-7fd318a46000 ---p 0000a000 08:01 398193                     /lib/x86_64-linux-gnu/libnss_files-2.19.so
7fd318a46000-7fd318a47000 r--p 00009000 08:01 398193                     /lib/x86_64-linux-gnu/libnss_files-2.19.so
7fd318a47000-7fd318a48000 rw-p 0000a000 08:01 398193                     /lib/x86_64-linux-gnu/libnss_files-2.19.so
7fd318a48000-7fd318a53000 r-xp 00000000 08:01 398181                     /lib/x86_64-linux-gnu/libnss_nis-2.19.so
7fd318a53000-7fd318c52000 ---p 0000b000 08:01 398181                     /lib/x86_64-linux-gnu/libnss_nis-2.19.so
7fd318c52000-7fd318c53000 r--p 0000a000 08:01 398181                     /lib/x86_64-linux-gnu/libnss_nis-2.19.so
7fd318c53000-7fd318c54000 rw-p 0000b000 08:01 398181                     /lib/x86_64-linux-gnu/libnss_nis-2.19.so
7fd318c54000-7fd318c6b000 r-xp 00000000 08:01 398197                     /lib/x86_64-linux-gnu/libnsl-2.19.so
7fd318c6b000-7fd318e6a000 ---p 00017000 08:01 398197                     /lib/x86_64-linux-gnu/libnsl-2.19.so
7fd318e6a000-7fd318e6b000 r--p 00016000 08:01 398197                     /lib/x86_64-linux-gnu/libnsl-2.19.so
7fd318e6b000-7fd318e6c000 rw-p 00017000 08:01 398197                     /lib/x86_64-linux-gnu/libnsl-2.19.so
7fd318e6c000-7fd318e6e000 rw-p 00000000 00:00 0 
7fd318e6e000-7fd318e77000 r-xp 00000000 08:01 398196                     /lib/x86_64-linux-gnu/libnss_compat-2.19.so
7fd318e77000-7fd319076000 ---p 00009000 08:01 398196                     /lib/x86_64-linux-gnu/libnss_compat-2.19.so
7fd319076000-7fd319077000 r--p 00008000 08:01 398196                     /lib/x86_64-linux-gnu/libnss_compat-2.19.so
7fd319077000-7fd319078000 rw-p 00009000 08:01 398196                     /lib/x86_64-linux-gnu/libnss_compat-2.19.so
7fd319078000-7fd319082000 r-xp 00000000 08:01 957273                     /usr/lib/jvm/jdk1.8.0_161/jre/lib/amd64/libinstrument.so
7fd319082000-7fd319281000 ---p 0000a000 08:01 957273                     /usr/lib/jvm/jdk1.8.0_161/jre/lib/amd64/libinstrument.so
7fd319281000-7fd319282000 rw-p 00009000 08:01 957273                     /usr/lib/jvm/jdk1.8.0_161/jre/lib/amd64/libinstrument.so
7fd319282000-7fd3192ad000 r-xp 00000000 08:01 957258                     /usr/lib/jvm/jdk1.8.0_161/jre/lib/amd64/libjava.so
7fd3192ad000-7fd3194ac000 ---p 0002b000 08:01 957258                     /usr/lib/jvm/jdk1.8.0_161/jre/lib/amd64/libjava.so
7fd3194ac000-7fd3194ae000 rw-p 0002a000 08:01 957258                     /usr/lib/jvm/jdk1.8.0_161/jre/lib/amd64/libjava.so
7fd3194ae000-7fd3194bb000 r-xp 00000000 08:01 957263                     /usr/lib/jvm/jdk1.8.0_161/jre/lib/amd64/libverify.so
7fd3194bb000-7fd3196bb000 ---p 0000d000 08:01 957263                     /usr/lib/jvm/jdk1.8.0_161/jre/lib/amd64/libverify.so
7fd3196bb000-7fd3196bd000 rw-p 0000d000 08:01 957263                     /usr/lib/jvm/jdk1.8.0_161/jre/lib/amd64/libverify.so
7fd3196bd000-7fd3196c4000 r-xp 00000000 08:01 398194                     /lib/x86_64-linux-gnu/librt-2.19.so
7fd3196c4000-7fd3198c3000 ---p 00007000 08:01 398194                     /lib/x86_64-linux-gnu/librt-2.19.so
7fd3198c3000-7fd3198c4000 r--p 00006000 08:01 398194                     /lib/x86_64-linux-gnu/librt-2.19.so
7fd3198c4000-7fd3198c5000 rw-p 00007000 08:01 398194                     /lib/x86_64-linux-gnu/librt-2.19.so
7fd3198c5000-7fd3199ca000 r-xp 00000000 08:01 398179                     /lib/x86_64-linux-gnu/libm-2.19.so
7fd3199ca000-7fd319bc9000 ---p 00105000 08:01 398179                     /lib/x86_64-linux-gnu/libm-2.19.so
7fd319bc9000-7fd319bca000 r--p 00104000 08:01 398179                     /lib/x86_64-linux-gnu/libm-2.19.so
7fd319bca000-7fd319bcb000 rw-p 00105000 08:01 398179                     /lib/x86_64-linux-gnu/libm-2.19.so
7fd319bcb000-7fd31a8a4000 r-xp 00000000 08:01 957241                     /usr/lib/jvm/jdk1.8.0_161/jre/lib/amd64/server/libjvm.so
7fd31a8a4000-7fd31aaa3000 ---p 00cd9000 08:01 957241                     /usr/lib/jvm/jdk1.8.0_161/jre/lib/amd64/server/libjvm.so
7fd31aaa3000-7fd31ab7c000 rw-p 00cd8000 08:01 957241                     /usr/lib/jvm/jdk1.8.0_161/jre/lib/amd64/server/libjvm.so
7fd31ab7c000-7fd31abc8000 rw-p 00000000 00:00 0 
7fd31abc8000-7fd31ad86000 r-xp 00000000 08:01 398192                     /lib/x86_64-linux-gnu/libc-2.19.so
7fd31ad86000-7fd31af86000 ---p 001be000 08:01 398192                     /lib/x86_64-linux-gnu/libc-2.19.so
7fd31af86000-7fd31af8a000 r--p 001be000 08:01 398192                     /lib/x86_64-linux-gnu/libc-2.19.so
7fd31af8a000-7fd31af8c000 rw-p 001c2000 08:01 398192                     /lib/x86_64-linux-gnu/libc-2.19.so
7fd31af8c000-7fd31af91000 rw-p 00000000 00:00 0 
7fd31af91000-7fd31af94000 r-xp 00000000 08:01 398183                     /lib/x86_64-linux-gnu/libdl-2.19.so
7fd31af94000-7fd31b193000 ---p 00003000 08:01 398183                     /lib/x86_64-linux-gnu/libdl-2.19.so
7fd31b193000-7fd31b194000 r--p 00002000 08:01 398183                     /lib/x86_64-linux-gnu/libdl-2.19.so
7fd31b194000-7fd31b195000 rw-p 00003000 08:01 398183                     /lib/x86_64-linux-gnu/libdl-2.19.so
7fd31b195000-7fd31b1ab000 r-xp 00000000 08:01 826430                     /usr/lib/jvm/jdk1.8.0_161/lib/amd64/jli/libjli.so
7fd31b1ab000-7fd31b3aa000 ---p 00016000 08:01 826430                     /usr/lib/jvm/jdk1.8.0_161/lib/amd64/jli/libjli.so
7fd31b3aa000-7fd31b3ab000 rw-p 00015000 08:01 826430                     /usr/lib/jvm/jdk1.8.0_161/lib/amd64/jli/libjli.so
7fd31b3ab000-7fd31b3c4000 r-xp 00000000 08:01 398169                     /lib/x86_64-linux-gnu/libpthread-2.19.so
7fd31b3c4000-7fd31b5c3000 ---p 00019000 08:01 398169                     /lib/x86_64-linux-gnu/libpthread-2.19.so
7fd31b5c3000-7fd31b5c4000 r--p 00018000 08:01 398169                     /lib/x86_64-linux-gnu/libpthread-2.19.so
7fd31b5c4000-7fd31b5c5000 rw-p 00019000 08:01 398169                     /lib/x86_64-linux-gnu/libpthread-2.19.so
7fd31b5c5000-7fd31b5c9000 rw-p 00000000 00:00 0 
7fd31b5c9000-7fd31b5ec000 r-xp 00000000 08:01 398189                     /lib/x86_64-linux-gnu/ld-2.19.so
7fd31b5ec000-7fd31b5f1000 r--s 0009d000 08:01 826662                     /usr/lib/jvm/jdk1.8.0_161/jre/lib/jsse.jar
7fd31b5f1000-7fd31b5f6000 r--s 00084000 08:01 826522                     /usr/lib/jvm/jdk1.8.0_161/jre/lib/jfr.jar
7fd31b5f6000-7fd31b5f9000 r--s 0001a000 08:01 826766                     /usr/lib/jvm/jdk1.8.0_161/jre/lib/jce.jar
7fd31b5f9000-7fd31b6cb000 rw-p 00000000 00:00 0 
7fd31b6cb000-7fd31b6ce000 ---p 00000000 00:00 0 
7fd31b6ce000-7fd31b7d1000 rw-p 00000000 00:00 0 
7fd31b7d1000-7fd31b7d3000 r--s 00007000 08:01 826768                     /usr/lib/jvm/jdk1.8.0_161/jre/lib/jfxswt.jar
7fd31b7d3000-7fd31b7dc000 r--s 0006d000 08:01 826532                     /usr/lib/jvm/jdk1.8.0_161/jre/lib/javaws.jar
7fd31b7dc000-7fd31b7e1000 r--s 002f9000 08:01 826603                     /usr/lib/jvm/jdk1.8.0_161/jre/lib/charsets.jar
7fd31b7e1000-7fd31b7e9000 rw-s 00000000 08:01 1233674                    /tmp/hsperfdata_uptech/14088
7fd31b7e9000-7fd31b7ea000 rw-p 00000000 00:00 0 
7fd31b7ea000-7fd31b7eb000 ---p 00000000 00:00 0 
7fd31b7eb000-7fd31b7ec000 r--p 00022000 08:01 398189                     /lib/x86_64-linux-gnu/ld-2.19.so
7fd31b7ec000-7fd31b7ed000 rw-p 00023000 08:01 398189                     /lib/x86_64-linux-gnu/ld-2.19.so
7fd31b7ed000-7fd31b7ee000 rw-p 00000000 00:00 0 
7ffe538a9000-7ffe538cd000 rw-p 00000000 00:00 0                          [stack]
7ffe53986000-7ffe53988000 r--p 00000000 00:00 0                          [vvar]
7ffe53988000-7ffe5398a000 r-xp 00000000 00:00 0                          [vdso]
ffffffffff600000-ffffffffff601000 r-xp 00000000 00:00 0                  [vsyscall]

VM Arguments:
jvm_args: -Xmx2g -javaagent:/usr/local/IDEAU/idea-IU-211.7628.21/lib/idea_rt.jar=54573:/usr/local/IDEAU/idea-IU-211.7628.21/bin -Dfile.encoding=UTF-8 
java_command: org.batfish.allinone.Main allinone -runmode interactive
java_class_path (initial): /usr/lib/jvm/jdk1.8.0_161/jre/lib/charsets.jar:/usr/lib/jvm/jdk1.8.0_161/jre/lib/deploy.jar:/usr/lib/jvm/jdk1.8.0_161/jre/lib/ext/cldrdata.jar:/usr/lib/jvm/jdk1.8.0_161/jre/lib/ext/dnsns.jar:/usr/lib/jvm/jdk1.8.0_161/jre/lib/ext/jaccess.jar:/usr/lib/jvm/jdk1.8.0_161/jre/lib/ext/jfxrt.jar:/usr/lib/jvm/jdk1.8.0_161/jre/lib/ext/localedata.jar:/usr/lib/jvm/jdk1.8.0_161/jre/lib/ext/nashorn.jar:/usr/lib/jvm/jdk1.8.0_161/jre/lib/ext/sunec.jar:/usr/lib/jvm/jdk1.8.0_161/jre/lib/ext/sunjce_provider.jar:/usr/lib/jvm/jdk1.8.0_161/jre/lib/ext/sunpkcs11.jar:/usr/lib/jvm/jdk1.8.0_161/jre/lib/ext/zipfs.jar:/usr/lib/jvm/jdk1.8.0_161/jre/lib/javaws.jar:/usr/lib/jvm/jdk1.8.0_161/jre/lib/jce.jar:/usr/lib/jvm/jdk1.8.0_161/jre/lib/jfr.jar:/usr/lib/jvm/jdk1.8.0_161/jre/lib/jfxswt.jar:/usr/lib/jvm/jdk1.8.0_161/jre/lib/jsse.jar:/usr/lib/jvm/jdk1.8.0_161/jre/lib/management-agent.jar:/usr/lib/jvm/jdk1.8.0_161/jre/lib/plugin.jar:/usr/lib/jvm/jdk1.8.0_161/jre/lib/resources.jar:/usr/lib/jvm/jdk1.8.0_161/jre/lib/rt.jar:/home/uptech/batfish-ab-bdd-ISIS2-multi-path/projects/allinone/target/classes:/home/uptech/batfish-ab-bdd-ISIS2-multi-path/projects/batfish/target/classes:/home/uptech/.m2/repository/com/fasterxml/jackson/core/jackson-annotations/2.9.0/jackson-annotations-2.9.0.jar:/home/uptech/.m2/repository/com/fasterxml/jackson/core/jackson-core/2.9.0/jackson-core-2.9.0.jar:/home/uptech/.m2/repository/com/fasterxml/jackson/core/jackson-databind/2.9.0/jackson-databind-2.9.0.jar:/home/uptech/.m2/repository/com/google/code/findbugs/jsr305/3.0.2/jsr305-3.0.2.jar:/home/uptech/.m2/repository/com/microsoft/z3/z3/2018-01-12-450f3c9b459d128135abb5bbd4fa0508fe26bfae/z3-2018-01-12-450f3c9b459d128135abb5bbd4fa0508fe26bfae.jar:/home/uptech/.m2/repository/io/opentracing/opentracing-api/0.30.0/opentracing-api-0.30.0.jar:/home/uptech/.m2/repository/io/opentracing/contrib/opentracing-jaxrs2/0.0.9/opentracing-jaxrs2-0.0.9.jar:/home/uptech/.m2/repository/io/opentracing/contrib/opentrac
Launcher Type: SUN_STANDARD

Environment Variables:
JAVA_HOME=/usr/lib/jvm/jdk1.8.0_161
CLASSPATH=/usr/local/IDEAU/idea-IU-211.7628.21/lib/bootstrap.jar:/usr/local/IDEAU/idea-IU-211.7628.21/lib/util.jar:/usr/local/IDEAU/idea-IU-211.7628.21/lib/jdom.jar:/usr/local/IDEAU/idea-IU-211.7628.21/lib/log4j.jar:/usr/local/IDEAU/idea-IU-211.7628.21/lib/jna.jar:/lib/tools.jar
PATH=/usr/lib/jvm/jdk1.8.0_161/bin:/usr/lib/jvm/jdk1.8.0_161/jre/bin:/usr/local/sbin:/usr/local/bin:/usr/sbin:/usr/bin:/sbin:/bin:/usr/games:/usr/local/games:/opt/maven/apache-maven-3.5.0/bin:/usr/share/apt/bin
SHELL=/bin/bash
DISPLAY=:0.0

Signal Handlers:
SIGSEGV: [libjvm.so+0xad01e0], sa_mask[0]=11111111011111111101111111111110, sa_flags=SA_RESTART|SA_SIGINFO
SIGBUS: [libjvm.so+0xad01e0], sa_mask[0]=11111111011111111101111111111110, sa_flags=SA_RESTART|SA_SIGINFO
SIGFPE: [libjvm.so+0x927fb0], sa_mask[0]=11111111011111111101111111111110, sa_flags=SA_RESTART|SA_SIGINFO
SIGPIPE: [libjvm.so+0x927fb0], sa_mask[0]=11111111011111111101111111111110, sa_flags=SA_RESTART|SA_SIGINFO
SIGXFSZ: [libjvm.so+0x927fb0], sa_mask[0]=11111111011111111101111111111110, sa_flags=SA_RESTART|SA_SIGINFO
SIGILL: [libjvm.so+0x927fb0], sa_mask[0]=11111111011111111101111111111110, sa_flags=SA_RESTART|SA_SIGINFO
SIGUSR1: SIG_DFL, sa_mask[0]=00000000000000000000000000000000, sa_flags=none
SIGUSR2: [libjvm.so+0x9297f0], sa_mask[0]=00100000000000000000000000000000, sa_flags=SA_RESTART|SA_SIGINFO
SIGHUP: [libjvm.so+0x92abf0], sa_mask[0]=11111111011111111101111111111110, sa_flags=SA_RESTART|SA_SIGINFO
SIGINT: [libjvm.so+0x92abf0], sa_mask[0]=11111111011111111101111111111110, sa_flags=SA_RESTART|SA_SIGINFO
SIGTERM: [libjvm.so+0x92abf0], sa_mask[0]=11111111011111111101111111111110, sa_flags=SA_RESTART|SA_SIGINFO
SIGQUIT: [libjvm.so+0x92abf0], sa_mask[0]=11111111011111111101111111111110, sa_flags=SA_RESTART|SA_SIGINFO


---------------  S Y S T E M  ---------------

OS:DISTRIB_ID=Ubuntu
DISTRIB_RELEASE=14.04
DISTRIB_CODENAME=trusty
DISTRIB_DESCRIPTION="Ubuntu 14.04.6 LTS"

uname:Linux 3.19.0-80-generic #88~14.04.1-Ubuntu SMP Fri Jan 13 14:54:07 UTC 2017 x86_64
libc:glibc 2.19 NPTL 2.19 
rlimit: STACK 8192k, CORE 0k, NPROC 19210, NOFILE 4096, AS infinity
load average:1.55 1.19 1.61

/proc/meminfo:
MemTotal:        4939948 kB
MemFree:          119296 kB
MemAvailable:      64168 kB
Buffers:             556 kB
Cached:            38508 kB
SwapCached:            0 kB
Active:          4426776 kB
Inactive:          29384 kB
Active(anon):    4418380 kB
Inactive(anon):    18064 kB
Active(file):       8396 kB
Inactive(file):    11320 kB
Unevictable:          32 kB
Mlocked:              32 kB
SwapTotal:             0 kB
SwapFree:              0 kB
Dirty:               100 kB
Writeback:             0 kB
AnonPages:       4417184 kB
Mapped:            28932 kB
Shmem:             19292 kB
Slab:              89212 kB
SReclaimable:      38960 kB
SUnreclaim:        50252 kB
KernelStack:       10640 kB
PageTables:        35880 kB
NFS_Unstable:          0 kB
Bounce:                0 kB
WritebackTmp:          0 kB
CommitLimit:     2469972 kB
Committed_AS:    6310196 kB
VmallocTotal:   34359738367 kB
VmallocUsed:      184708 kB
VmallocChunk:   34359493388 kB
HardwareCorrupted:     0 kB
AnonHugePages:   2666496 kB
CmaTotal:              0 kB
CmaFree:               0 kB
HugePages_Total:       0
HugePages_Free:        0
HugePages_Rsvd:        0
HugePages_Surp:        0
Hugepagesize:       2048 kB
DirectMap4k:      139072 kB
DirectMap2M:     4980736 kB
DirectMap1G:           0 kB


CPU:total 2 (initial active 2) (1 cores per cpu, 1 threads per core) family 6 model 158 stepping 10, cmov, cx8, fxsr, mmx, sse, sse2, sse3, ssse3, sse4.1, sse4.2, popcnt, avx, avx2, aes, clmul, erms, 3dnowpref, lzcnt, tsc, tscinvbit, bmi1, bmi2, adx

/proc/cpuinfo:
processor	: 0
vendor_id	: GenuineIntel
cpu family	: 6
model		: 158
model name	: Intel(R) Core(TM) i5-9300H CPU @ 2.40GHz
stepping	: 10
microcode	: 0xb4
cpu MHz		: 2400.003
cache size	: 8192 KB
physical id	: 0
siblings	: 1
core id		: 0
cpu cores	: 1
apicid		: 0
initial apicid	: 0
fpu		: yes
fpu_exception	: yes
cpuid level	: 22
wp		: yes
flags		: fpu vme de pse tsc msr pae mce cx8 apic sep mtrr pge mca cmov pat pse36 clflush mmx fxsr sse sse2 ss syscall nx pdpe1gb rdtscp lm constant_tsc arch_perfmon nopl xtopology tsc_reliable nonstop_tsc eagerfpu pni pclmulqdq ssse3 fma cx16 pcid sse4_1 sse4_2 x2apic movbe popcnt tsc_deadline_timer aes xsave avx f16c rdrand hypervisor lahf_lm abm 3dnowprefetch arat fsgsbase tsc_adjust bmi1 avx2 smep bmi2 invpcid rdseed adx smap clflushopt xsaveopt xsavec xgetbv1
bugs		:
bogomips	: 4800.00
clflush size	: 64
cache_alignment	: 64
address sizes	: 45 bits physical, 48 bits virtual
power management:

processor	: 1
vendor_id	: GenuineIntel
cpu family	: 6
model		: 158
model name	: Intel(R) Core(TM) i5-9300H CPU @ 2.40GHz
stepping	: 10
microcode	: 0xb4
cpu MHz		: 2400.003
cache size	: 8192 KB
physical id	: 2
siblings	: 1
core id		: 0
cpu cores	: 1
apicid		: 2
initial apicid	: 2
fpu		: yes
fpu_exception	: yes
cpuid level	: 22
wp		: yes
flags		: fpu vme de pse tsc msr pae mce cx8 apic sep mtrr pge mca cmov pat pse36 clflush mmx fxsr sse sse2 ss syscall nx pdpe1gb rdtscp lm constant_tsc arch_perfmon nopl xtopology tsc_reliable nonstop_tsc eagerfpu pni pclmulqdq ssse3 fma cx16 pcid sse4_1 sse4_2 x2apic movbe popcnt tsc_deadline_timer aes xsave avx f16c rdrand hypervisor lahf_lm abm 3dnowprefetch arat fsgsbase tsc_adjust bmi1 avx2 smep bmi2 invpcid rdseed adx smap clflushopt xsaveopt xsavec xgetbv1
bugs		:
bogomips	: 4800.00
clflush size	: 64
cache_alignment	: 64
address sizes	: 45 bits physical, 48 bits virtual
power management:



Memory: 4k page, physical 4939948k(119296k free), swap 0k(0k free)

vm_info: Java HotSpot(TM) 64-Bit Server VM (25.161-b12) for linux-amd64 JRE (1.8.0_161-b12), built on Dec 19 2017 16:12:43 by "java_re" with gcc 4.3.0 20080428 (Red Hat 4.3.0-8)

time: Mon Apr 17 16:43:05 2023
elapsed time: 186 seconds (0d 0h 3m 6s)

